[2021-01-10 19:44:46] New deadchest for [taielmartinez] in survival-1 at X:150 Y:77 Z:234
[2021-01-10 19:45:06] New deadchest for [taielmartinez] in survival-1 at X:167 Y:71 Z:228
[2021-01-10 19:46:14] New deadchest for [taielmartinez] in survival-1 at X:147 Y:79 Z:237
[2021-01-10 19:46:23] Deadchest of [taielmartinez] was taken by [taielmartinez] in survival-1
[2021-01-10 19:46:33] New deadchest for [taielmartinez] in survival-1 at X:148 Y:79 Z:236
[2021-01-10 19:46:43] Deadchest of [taielmartinez] was taken by [taielmartinez] in survival-1
[2021-01-10 19:46:54] New deadchest for [taielmartinez] in survival-1 at X:148 Y:79 Z:236
[2021-01-10 19:48:34] New deadchest for [taielmartinez] in survival-1 at X:148 Y:79 Z:236
[2021-01-10 19:58:34] Deadchest of [taielmartinez] has expired in survival-1
[2021-01-10 20:00:17] New deadchest for [taielmartinez] in survival-1 at X:145 Y:74 Z:244
[2021-01-10 20:05:17] Deadchest of [taielmartinez] has expired in survival-1
[2021-01-10 21:30:47] New deadchest for [taielmartinez] in survival-1 at X:-115 Y:81 Z:417
[2021-01-10 21:30:47] Deadchest of [taielmartinez] was protected from explosion in survival-1
[2021-01-10 21:35:38] New deadchest for [taielmartinez] in survival-1 at X:148 Y:71 Z:233
[2021-01-10 21:40:09] Deadchest of [taielmartinez] was taken by [taielmartinez] in survival-1
[2021-01-10 21:41:57] New deadchest for [taielmartinez] in survival-1 at X:278 Y:68 Z:294
[2021-01-10 21:46:58] Deadchest of [taielmartinez] has expired in survival-1
[2021-01-11 16:42:07] New deadchest for [Dead_ware] in survival-1 at X:63 Y:65 Z:-22
[2021-01-11 16:42:25] Player [Dead_ware] died without inventory : No Deadchest generated
[2021-01-11 16:42:29] Player [Dead_ware] died without inventory : No Deadchest generated
[2021-01-11 16:42:36] Player [Dead_ware] died without inventory : No Deadchest generated
[2021-01-11 16:42:41] Player [Dead_ware] died without inventory : No Deadchest generated
[2021-01-11 16:42:48] Player [Dead_ware] died without inventory : No Deadchest generated
[2021-01-11 16:42:55] Player [Dead_ware] died without inventory : No Deadchest generated
[2021-01-11 16:47:07] Deadchest of [Dead_ware] has expired in survival-1
[2021-01-11 17:11:50] Player [m2wDakota] died without inventory : No Deadchest generated
[2021-01-11 17:33:20] New deadchest for [TaielMartinez2] in survival-1 at X:105 Y:77 Z:6
[2021-01-11 17:33:43] Deadchest of [TaielMartinez2] was taken by [TaielMartinez2] in survival-1
[2021-01-12 13:26:11] New deadchest for [m2wDakota] in survival-1 at X:83 Y:64 Z:-38
[2021-01-12 13:28:16] New deadchest for [m2wDakota] in survival-1 at X:84 Y:64 Z:-40
[2021-01-12 13:29:32] New deadchest for [m2wDakota] in survival-1 at X:129 Y:73 Z:46
[2021-01-12 13:31:11] Deadchest of [m2wDakota] has expired in survival-1
[2021-01-12 13:33:16] Deadchest of [m2wDakota] has expired in survival-1
[2021-01-12 13:34:32] Deadchest of [m2wDakota] has expired in survival-1
[2021-01-12 18:39:10] New deadchest for [chymuelo] in survival-1 at X:139 Y:33 Z:72
[2021-01-12 18:39:56] Player [chymuelo] died without inventory : No Deadchest generated
[2021-01-12 18:40:40] Deadchest of [chymuelo] was taken by [chymuelo] in survival-1
[2021-01-12 19:14:08] New deadchest for [lucas] in survival-1 at X:132 Y:73 Z:114
[2021-01-12 19:14:45] Deadchest of [lucas] was taken by [lucas] in survival-1
[2021-01-12 19:24:52] New deadchest for [lucas] in survival-1 at X:-144 Y:65 Z:31
[2021-01-12 19:26:56] New deadchest for [FERNANFLOW] in survival-1 at X:145 Y:36 Z:64
[2021-01-12 19:27:53] New deadchest for [Romerovich] in survival-1 at X:-160 Y:65 Z:25
[2021-01-12 19:28:21] Deadchest of [FERNANFLOW] was taken by [FERNANFLOW] in survival-1
[2021-01-12 19:29:53] Deadchest of [lucas] has expired in survival-1
[2021-01-12 19:30:31] Deadchest of [Romerovich] was taken by [Romerovich] in survival-1
[2021-01-12 19:31:10] New deadchest for [Romerovich] in survival-1 at X:-152 Y:50 Z:26
[2021-01-12 19:31:10] Deadchest of [Romerovich] was protected from explosion in survival-1
[2021-01-12 19:31:10] Deadchest of [Romerovich] was protected from explosion in survival-1
[2021-01-12 19:31:10] Deadchest of [Romerovich] was protected from explosion in survival-1
[2021-01-12 19:31:10] Deadchest of [Romerovich] was protected from explosion in survival-1
[2021-01-12 19:31:10] Deadchest of [Romerovich] was protected from explosion in survival-1
[2021-01-12 19:31:10] Deadchest of [Romerovich] was protected from explosion in survival-1
[2021-01-12 19:31:11] Deadchest of [Romerovich] was protected from explosion in survival-1
[2021-01-12 19:32:40] Deadchest of [Romerovich] was taken by [Romerovich] in survival-1
[2021-01-12 20:05:48] New deadchest for [Lesansnom] in survival-1 at X:-272 Y:63 Z:-93
[2021-01-12 20:05:53] New deadchest for [Romerovich] in survival-1 at X:-344 Y:69 Z:-18
[2021-01-12 20:07:06] Deadchest of [Romerovich] was taken by [Romerovich] in survival-1
[2021-01-12 20:10:49] Deadchest of [Lesansnom] has expired in survival-1
[2021-01-12 20:13:38] New deadchest for [chymuelo] in survival-1 at X:147 Y:37 Z:63
[2021-01-12 20:13:38] Deadchest of [chymuelo] was protected from explosion in survival-1
[2021-01-12 20:13:55] New deadchest for [Lesansnom] in survival-1 at X:100 Y:57 Z:96
[2021-01-12 20:13:55] Deadchest of [Lesansnom] was protected from explosion in survival-1
[2021-01-12 20:14:16] Deadchest of [chymuelo] was taken by [chymuelo] in survival-1
[2021-01-12 20:14:54] Deadchest of [Lesansnom] was taken by [Lesansnom] in survival-1
[2021-01-12 20:15:08] New deadchest for [Lesansnom] in survival-1 at X:100 Y:56 Z:94
[2021-01-12 20:15:45] Deadchest of [Lesansnom] was taken by [Lesansnom] in survival-1
[2021-01-12 20:20:01] New deadchest for [Lesansnom] in survival-1 at X:19 Y:64 Z:101
[2021-01-12 20:21:11] Deadchest of [Lesansnom] was taken by [Lesansnom] in survival-1
[2021-01-12 20:21:49] New deadchest for [chymuelo] in survival-1 at X:180 Y:70 Z:42
[2021-01-12 20:22:05] New deadchest for [Lesansnom] in survival-1 at X:107 Y:65 Z:-7
[2021-01-12 20:22:16] Deadchest of [chymuelo] was taken by [chymuelo] in survival-1
[2021-01-12 20:22:24] Player [Lesansnom] died without inventory : No Deadchest generated
[2021-01-12 20:22:35] Player [Lesansnom] died without inventory : No Deadchest generated
[2021-01-12 20:22:41] New deadchest for [chymuelo] in survival-1 at X:181 Y:72 Z:61
[2021-01-12 20:22:44] Deadchest of [Lesansnom] was taken by [Lesansnom] in survival-1
[2021-01-12 20:23:09] Deadchest of [chymuelo] was taken by [chymuelo] in survival-1
[2021-01-12 20:23:57] New deadchest for [Lesansnom] in survival-1 at X:7 Y:64 Z:108
[2021-01-12 20:24:18] New deadchest for [chymuelo] in survival-1 at X:176 Y:72 Z:35
[2021-01-12 20:24:35] Deadchest of [Lesansnom] was taken by [Lesansnom] in survival-1
[2021-01-12 20:24:40] Deadchest of [chymuelo] was taken by [chymuelo] in survival-1
[2021-01-12 20:26:35] New deadchest for [0_Tomy_0] in survival-1 at X:21 Y:63 Z:210
[2021-01-12 20:26:35] Deadchest of [0_Tomy_0] was protected from explosion in survival-1
[2021-01-12 20:27:46] Deadchest of [0_Tomy_0] was taken by [0_Tomy_0] in survival-1
[2021-01-12 20:35:14] New deadchest for [Romerovich] in survival-1 at X:-456 Y:82 Z:-65
[2021-01-12 20:36:10] New deadchest for [chymuelo] in survival-1 at X:147 Y:32 Z:61
[2021-01-12 20:36:19] Deadchest of [Romerovich] was taken by [Romerovich] in survival-1
[2021-01-12 20:36:44] Deadchest of [chymuelo] was taken by [chymuelo] in survival-1
[2021-01-12 20:37:49] New deadchest for [chymuelo] in survival-1 at X:125 Y:31 Z:63
[2021-01-12 20:38:27] New deadchest for [Lesansnom] in survival-1 at X:-3 Y:63 Z:-165
[2021-01-12 20:38:28] Deadchest of [chymuelo] was taken by [chymuelo] in survival-1
[2021-01-12 20:39:00] New deadchest for [chymuelo] in survival-1 at X:126 Y:32 Z:65
[2021-01-12 20:39:37] Deadchest of [chymuelo] was taken by [chymuelo] in survival-1
[2021-01-12 20:39:45] New deadchest for [chymuelo] in survival-1 at X:118 Y:32 Z:63
[2021-01-12 20:39:55] New deadchest for [0_Tomy_0] in survival-1 at X:-648 Y:73 Z:-2
[2021-01-12 20:40:23] Deadchest of [chymuelo] was taken by [chymuelo] in survival-1
[2021-01-12 20:40:32] New deadchest for [chymuelo] in survival-1 at X:117 Y:32 Z:65
[2021-01-12 20:40:32] Deadchest of [chymuelo] was protected from explosion in survival-1
[2021-01-12 20:41:10] Deadchest of [chymuelo] was taken by [chymuelo] in survival-1
[2021-01-12 20:41:19] Player [Lesansnom] died without inventory : No Deadchest generated
[2021-01-12 20:41:29] New deadchest for [chymuelo] in survival-1 at X:128 Y:33 Z:64
[2021-01-12 20:42:07] Deadchest of [chymuelo] was taken by [chymuelo] in survival-1
[2021-01-12 20:42:16] New deadchest for [chymuelo] in survival-1 at X:148 Y:37 Z:63
[2021-01-12 20:42:29] Player [Lesansnom] died without inventory : No Deadchest generated
[2021-01-12 20:42:48] Deadchest of [chymuelo] was taken by [chymuelo] in survival-1
[2021-01-12 20:43:28] Deadchest of [Lesansnom] has expired in survival-1
[2021-01-12 20:44:41] New deadchest for [0_Tomy_0] in survival-1 at X:-619 Y:37 Z:94
[2021-01-12 20:44:56] Deadchest of [0_Tomy_0] has expired in survival-1
[2021-01-12 20:45:45] New deadchest for [Romerovich] in survival-1 at X:-473 Y:87 Z:-63
[2021-01-12 20:46:02] Player [Lesansnom] died without inventory : No Deadchest generated
[2021-01-12 20:46:15] Deadchest of [0_Tomy_0] was taken by [0_Tomy_0] in survival-1
[2021-01-12 20:47:14] New deadchest for [0_Tomy_0] in survival-1 at X:-618 Y:37 Z:95
[2021-01-12 20:47:43] Deadchest of [0_Tomy_0] was taken by [0_Tomy_0] in survival-1
[2021-01-12 20:47:44] Player [Lesansnom] died without inventory : No Deadchest generated
[2021-01-12 20:48:37] Deadchest of [Romerovich] was taken by [Romerovich] in survival-1
[2021-01-12 20:56:56] New deadchest for [chymuelo] in survival-1 at X:-160 Y:66 Z:25
[2021-01-12 20:57:52] Deadchest of [chymuelo] was taken by [chymuelo] in survival-1
[2021-01-12 20:58:39] New deadchest for [Lesansnom] in survival-1 at X:-29 Y:63 Z:-152
[2021-01-12 20:59:09] Deadchest of [Lesansnom] was taken by [Lesansnom] in survival-1
[2021-01-12 20:59:24] New deadchest for [Lesansnom] in survival-1 at X:2 Y:63 Z:-160
[2021-01-12 20:59:53] Deadchest of [Lesansnom] was taken by [Lesansnom] in survival-1
[2021-01-12 21:02:03] New deadchest for [Lesansnom] in survival-1 at X:-35 Y:68 Z:-245
[2021-01-12 21:02:29] Deadchest of [Lesansnom] was taken by [Lesansnom] in survival-1
[2021-01-12 21:03:52] New deadchest for [Lesansnom] in survival-1 at X:-3 Y:63 Z:-164
[2021-01-12 21:03:52] Deadchest of [Lesansnom] was protected from explosion in survival-1
[2021-01-12 21:04:13] Deadchest of [Lesansnom] was taken by [Lesansnom] in survival-1
[2021-01-12 21:05:01] New deadchest for [chymuelo] in survival-1 at X:181 Y:71 Z:46
[2021-01-12 21:05:23] Deadchest of [chymuelo] was taken by [chymuelo] in survival-1
[2021-01-12 21:08:22] New deadchest for [chymuelo] in survival-1 at X:95 Y:34 Z:51
[2021-01-12 21:09:08] Deadchest of [chymuelo] was taken by [chymuelo] in survival-1
[2021-01-12 21:11:14] New deadchest for [Lesansnom] in survival-1 at X:-2 Y:63 Z:-162
[2021-01-12 21:11:53] Deadchest of [Lesansnom] was taken by [Lesansnom] in survival-1
[2021-01-12 21:13:00] New deadchest for [Romerovich] in survival-1 at X:-483 Y:46 Z:-63
[2021-01-12 21:14:29] Deadchest of [Romerovich] was taken by [Romerovich] in survival-1
[2021-01-12 21:22:11] New deadchest for [chymuelo] in survival-1 at X:176 Y:70 Z:66
[2021-01-12 21:22:36] Deadchest of [chymuelo] was taken by [chymuelo] in survival-1
[2021-01-12 21:23:02] Player [HoRancio] died without inventory : No Deadchest generated
[2021-01-12 21:24:47] New deadchest for [chymuelo] in survival-1 at X:179 Y:71 Z:62
[2021-01-12 21:25:13] Deadchest of [chymuelo] was taken by [chymuelo] in survival-1
[2021-01-12 21:25:41] New deadchest for [chymuelo] in survival-1 at X:177 Y:71 Z:62
[2021-01-12 21:26:05] Deadchest of [chymuelo] was taken by [chymuelo] in survival-1
[2021-01-12 21:26:17] New deadchest for [chymuelo] in survival-1 at X:179 Y:63 Z:84
[2021-01-12 21:26:51] Deadchest of [chymuelo] was taken by [chymuelo] in survival-1
[2021-01-12 21:44:04] New deadchest for [lucas] in survival-1 at X:-621 Y:64 Z:-455
[2021-01-12 21:45:54] New deadchest for [chymuelo] in survival-1 at X:128 Y:64 Z:-8
[2021-01-12 21:46:04] Deadchest of [chymuelo] was taken by [chymuelo] in survival-1
[2021-01-12 21:46:51] New deadchest for [chymuelo] in survival-1 at X:101 Y:66 Z:-12
[2021-01-12 21:46:55] Deadchest of [chymuelo] was taken by [chymuelo] in survival-1
[2021-01-12 21:49:05] Deadchest of [lucas] has expired in survival-1
[2021-01-12 21:56:19] New deadchest for [Aqu_gm] in survival-1 at X:-637 Y:24 Z:-486
[2021-01-12 21:56:19] Deadchest of [Aqu_gm] was protected from explosion in survival-1
[2021-01-12 21:57:50] Player [Aqu_gm] died without inventory : No Deadchest generated
[2021-01-12 22:01:13] New deadchest for [HoRancio] in survival-1 at X:-645 Y:12 Z:-566
[2021-01-12 22:01:19] Deadchest of [Aqu_gm] has expired in survival-1
[2021-01-12 22:01:55] New deadchest for [Aqu_gm] in survival-1 at X:-635 Y:15 Z:-543
[2021-01-12 22:03:00] New deadchest for [HoRancio] in survival-1 at X:-638 Y:12 Z:-571
[2021-01-12 22:04:13] Deadchest of [Aqu_gm] was taken by [Aqu_gm] in survival-1
[2021-01-12 22:04:14] Deadchest of [HoRancio] was taken by [HoRancio] in survival-1
[2021-01-12 22:05:10] New deadchest for [HoRancio] in survival-1 at X:-657 Y:24 Z:-485
[2021-01-12 22:05:22] New deadchest for [Aqu_gm] in survival-1 at X:-650 Y:24 Z:-486
[2021-01-12 22:06:07] New deadchest for [HoRancio] in survival-1 at X:78 Y:73 Z:71
[2021-01-12 22:07:28] Deadchest of [HoRancio] was taken by [HoRancio] in survival-1
[2021-01-12 22:08:26] Deadchest of [Aqu_gm] was taken by [Aqu_gm] in survival-1
[2021-01-12 22:08:30] Deadchest of [HoRancio] was taken by [HoRancio] in survival-1
[2021-01-12 22:10:29] New deadchest for [Aqu_gm] in survival-1 at X:-648 Y:24 Z:-486
[2021-01-12 22:10:44] Deadchest of [Aqu_gm] was taken by [Aqu_gm] in survival-1
[2021-01-12 22:11:07] Deadchest of [HoRancio] has expired in survival-1
[2021-01-12 22:14:30] New deadchest for [chymuelo] in survival-1 at X:106 Y:28 Z:35
[2021-01-12 22:14:30] Deadchest of [chymuelo] was protected from explosion in survival-1
[2021-01-12 22:15:08] New deadchest for [Aqu_gm] in survival-1 at X:-636 Y:8 Z:-568
[2021-01-12 22:15:08] Player [chymuelo] died without inventory : No Deadchest generated
[2021-01-12 22:15:58] Deadchest of [chymuelo] was taken by [chymuelo] in survival-1
[2021-01-12 22:16:13] New deadchest for [chymuelo] in survival-1 at X:117 Y:32 Z:37
[2021-01-12 22:17:01] Deadchest of [chymuelo] was taken by [chymuelo] in survival-1
[2021-01-12 22:17:11] New deadchest for [chymuelo] in survival-1 at X:109 Y:29 Z:38
[2021-01-12 22:17:58] New deadchest for [chymuelo] in survival-1 at X:124 Y:33 Z:33
[2021-01-12 22:18:55] Deadchest of [Aqu_gm] was taken by [Aqu_gm] in survival-1
[2021-01-12 22:19:18] Deadchest of [chymuelo] was taken by [chymuelo] in survival-1
[2021-01-12 22:19:49] Deadchest of [chymuelo] was taken by [chymuelo] in survival-1
[2021-01-12 22:38:44] New deadchest for [Aqu_gm] in survival-1 at X:-739 Y:27 Z:-495
[2021-01-12 22:42:03] New deadchest for [Aqu_gm] in survival-1 at X:-653 Y:23 Z:-537
[2021-01-12 22:44:20] Deadchest of [Aqu_gm] has expired in survival-1
[2021-01-12 22:45:02] Deadchest of [Aqu_gm] was taken by [Aqu_gm] in survival-1
[2021-01-12 22:46:41] New deadchest for [Lesansnom] in survival-1 at X:-13 Y:44 Z:-149
[2021-01-12 22:47:28] Deadchest of [Lesansnom] was taken by [Lesansnom] in survival-1
[2021-01-12 23:27:35] New deadchest for [Flames] in survival-1 at X:169 Y:64 Z:-913
[2021-01-13 00:17:49] New deadchest for [chymuelo] in survival-1 at X:145 Y:33 Z:64
[2021-01-13 00:18:24] Deadchest of [chymuelo] was taken by [chymuelo] in survival-1
[2021-01-13 01:36:13] New deadchest for [chymuelo] in survival-1 at X:143 Y:42 Z:33
[2021-01-13 01:37:13] Deadchest of [chymuelo] was taken by [chymuelo] in survival-1
[2021-01-13 01:42:25] New deadchest for [chymuelo] in survival-1 at X:119 Y:33 Z:64
[2021-01-13 01:43:05] Deadchest of [chymuelo] was taken by [chymuelo] in survival-1
[2021-01-13 10:34:57] New deadchest for [Romerovich] in survival-1 at X:-614 Y:11 Z:-202
[2021-01-13 10:36:11] Deadchest of [Romerovich] was taken by [Romerovich] in survival-1
[2021-01-13 11:56:59] New deadchest for [MANDY1914] in survival-1 at X:-148 Y:43 Z:26
[2021-01-13 11:58:16] Player [MANDY1914] died without inventory : No Deadchest generated
[2021-01-13 12:02:00] Deadchest of [MANDY1914] has expired in survival-1
[2021-01-13 12:04:06] New deadchest for [MANDY1914] in survival-1 at X:44 Y:68 Z:-35
[2021-01-13 12:04:38] Player [MANDY1914] died without inventory : No Deadchest generated
[2021-01-13 12:05:17] Deadchest of [MANDY1914] was taken by [MANDY1914] in survival-1
[2021-01-13 12:05:31] New deadchest for [NachinSheep] in survival-1 at X:76 Y:65 Z:-37
[2021-01-13 12:05:39] Deadchest of [NachinSheep] was taken by [NachinSheep] in survival-1
[2021-01-13 12:18:48] New deadchest for [Romerovich] in survival-1 at X:-480 Y:87 Z:-58
[2021-01-13 12:19:08] Deadchest of [Romerovich] was taken by [Romerovich] in survival-1
[2021-01-13 12:38:32] New deadchest for [MANDY1914] in survival-1 at X:-1332 Y:51 Z:377
[2021-01-13 12:38:32] Deadchest of [MANDY1914] was protected from explosion in survival-1
[2021-01-13 12:38:32] Deadchest of [MANDY1914] was protected from explosion in survival-1
[2021-01-13 12:38:32] Deadchest of [MANDY1914] was protected from explosion in survival-1
[2021-01-13 12:38:32] Deadchest of [MANDY1914] was protected from explosion in survival-1
[2021-01-13 12:38:32] Deadchest of [MANDY1914] was protected from explosion in survival-1
[2021-01-13 12:38:33] Deadchest of [MANDY1914] was protected from explosion in survival-1
[2021-01-13 12:48:50] New deadchest for [MANDY1914] in survival-1 at X:-385 Y:68 Z:-36
[2021-01-13 12:52:30] Deadchest of [MANDY1914] was taken by [MANDY1914] in survival-1
[2021-01-13 13:09:06] New deadchest for [Romerovich] in survival-1 at X:-442 Y:80 Z:-68
[2021-01-13 13:09:25] Deadchest of [Romerovich] was taken by [Romerovich] in survival-1
[2021-01-13 13:09:51] New deadchest for [Romerovich] in survival-1 at X:-466 Y:87 Z:-62
[2021-01-13 13:10:02] Deadchest of [Romerovich] was taken by [Romerovich] in survival-1
[2021-01-13 13:46:06] New deadchest for [NachinSheep] in survival-1_nether at X:-699 Y:68 Z:741
[2021-01-13 14:00:25] New deadchest for [chymuelo] in survival-1 at X:117 Y:69 Z:13
[2021-01-13 14:00:25] Deadchest of [chymuelo] was protected from explosion in survival-1
[2021-01-13 14:00:39] Deadchest of [chymuelo] was taken by [chymuelo] in survival-1
[2021-01-13 14:02:09] New deadchest for [chymuelo] in survival-1 at X:9 Y:69 Z:-1
[2021-01-13 14:02:09] Deadchest of [chymuelo] was protected from explosion in survival-1
[2021-01-13 14:02:30] Deadchest of [chymuelo] was taken by [chymuelo] in survival-1
[2021-01-13 14:05:44] New deadchest for [NachinSheep] in survival-1_nether at X:-438 Y:47 Z:424
[2021-01-13 14:09:18] New deadchest for [chymuelo] in survival-1 at X:134 Y:36 Z:36
[2021-01-13 14:10:05] Deadchest of [chymuelo] was taken by [chymuelo] in survival-1
[2021-01-13 14:17:48] New deadchest for [chymuelo] in survival-1 at X:88 Y:74 Z:64
[2021-01-13 14:17:48] Deadchest of [chymuelo] was protected from explosion in survival-1
[2021-01-13 14:18:08] Deadchest of [chymuelo] was taken by [chymuelo] in survival-1
[2021-01-13 14:56:47] New deadchest for [chymuelo] in survival-1 at X:129 Y:24 Z:37
[2021-01-13 14:57:30] Deadchest of [chymuelo] was taken by [chymuelo] in survival-1
[2021-01-13 15:53:03] Deadchest of [MANDY1914] has expired in survival-1
[2021-01-13 16:15:11] New deadchest for [chymuelo] in survival-1 at X:103 Y:65 Z:87
[2021-01-13 16:15:11] Deadchest of [chymuelo] was protected from explosion in survival-1
[2021-01-13 16:15:36] Deadchest of [chymuelo] was taken by [chymuelo] in survival-1
[2021-01-13 16:20:05] New deadchest for [chymuelo] in survival-1 at X:180 Y:69 Z:63
[2021-01-13 16:20:30] Deadchest of [chymuelo] was taken by [chymuelo] in survival-1
[2021-01-13 16:29:07] New deadchest for [chymuelo] in survival-1 at X:101 Y:57 Z:96
[2021-01-13 16:29:07] Deadchest of [chymuelo] was protected from explosion in survival-1
[2021-01-13 16:29:38] Deadchest of [chymuelo] was taken by [chymuelo] in survival-1
[2021-01-13 16:57:35] New deadchest for [chymuelo] in survival-1 at X:59 Y:64 Z:87
[2021-01-13 16:58:01] Deadchest of [chymuelo] was taken by [chymuelo] in survival-1
[2021-01-13 17:10:35] New deadchest for [chymuelo] in survival-1 at X:-245 Y:70 Z:231
[2021-01-13 17:12:04] Deadchest of [chymuelo] was taken by [chymuelo] in survival-1
[2021-01-13 17:12:31] New deadchest for [chymuelo] in survival-1 at X:-239 Y:73 Z:230
[2021-01-13 17:12:31] Deadchest of [chymuelo] was protected from explosion in survival-1
[2021-01-13 17:14:04] Deadchest of [chymuelo] was taken by [chymuelo] in survival-1
[2021-01-13 17:25:59] New deadchest for [chymuelo] in survival-1 at X:105 Y:53 Z:87
[2021-01-13 17:26:29] Deadchest of [chymuelo] was taken by [chymuelo] in survival-1
[2021-01-13 17:33:14] New deadchest for [chymuelo] in survival-1 at X:179 Y:71 Z:62
[2021-01-13 17:33:37] Deadchest of [chymuelo] was taken by [chymuelo] in survival-1
[2021-01-13 17:33:49] New deadchest for [chymuelo] in survival-1 at X:183 Y:71 Z:61
[2021-01-13 17:34:23] Deadchest of [chymuelo] was taken by [chymuelo] in survival-1
[2021-01-13 17:35:27] New deadchest for [chymuelo] in survival-1 at X:180 Y:71 Z:59
[2021-01-13 17:35:37] New deadchest for [Romerovich] in survival-1 at X:69 Y:66 Z:102
[2021-01-13 17:35:56] Deadchest of [chymuelo] was taken by [chymuelo] in survival-1
[2021-01-13 17:36:24] Deadchest of [Romerovich] was taken by [Romerovich] in survival-1
[2021-01-13 17:38:26] New deadchest for [chymuelo] in survival-1 at X:80 Y:70 Z:73
[2021-01-13 17:38:50] Deadchest of [chymuelo] was taken by [chymuelo] in survival-1
[2021-01-13 17:50:35] New deadchest for [chymuelo] in survival-1 at X:41 Y:63 Z:99
[2021-01-13 17:51:01] Deadchest of [chymuelo] was taken by [chymuelo] in survival-1
[2021-01-13 17:51:21] New deadchest for [HoRancio] in survival-1 at X:-590 Y:24 Z:-526
[2021-01-13 17:53:26] New deadchest for [chymuelo] in survival-1 at X:50 Y:63 Z:96
[2021-01-13 17:53:51] Deadchest of [chymuelo] was taken by [chymuelo] in survival-1
[2021-01-13 17:54:28] New deadchest for [chymuelo] in survival-1 at X:174 Y:68 Z:77
[2021-01-13 17:54:51] Player [HoRancio] died without inventory : No Deadchest generated
[2021-01-13 17:54:54] Deadchest of [chymuelo] was taken by [chymuelo] in survival-1
[2021-01-13 17:55:29] New deadchest for [FERNANFLOW] in survival-1 at X:-1146 Y:63 Z:-41
[2021-01-13 17:56:03] New deadchest for [Romerovich] in survival-1 at X:71 Y:66 Z:102
[2021-01-13 17:59:56] New deadchest for [chymuelo] in survival-1 at X:178 Y:64 Z:3
[2021-01-13 18:00:19] Deadchest of [chymuelo] was taken by [chymuelo] in survival-1
[2021-01-13 18:00:30] Deadchest of [Romerovich] was taken by [Romerovich] in survival-1
[2021-01-13 18:01:19] Deadchest of [FERNANFLOW] was taken by [FERNANFLOW] in survival-1
[2021-01-13 18:05:31] Deadchest of [HoRancio] was taken by [HoRancio] in survival-1
[2021-01-13 18:10:43] New deadchest for [chymuelo] in survival-1 at X:176 Y:70 Z:62
[2021-01-13 18:11:07] Deadchest of [chymuelo] was taken by [chymuelo] in survival-1
[2021-01-13 18:11:59] New deadchest for [chymuelo] in survival-1 at X:176 Y:70 Z:62
[2021-01-13 18:12:23] Deadchest of [chymuelo] was taken by [chymuelo] in survival-1
[2021-01-13 18:34:20] New deadchest for [lucas] in survival-1 at X:-555 Y:62 Z:-396
[2021-01-13 18:35:01] Deadchest of [lucas] was taken by [lucas] in survival-1
[2021-01-13 18:35:28] New deadchest for [Romerovich] in survival-1 at X:80 Y:63 Z:100
[2021-01-13 18:35:59] Deadchest of [Romerovich] was taken by [Romerovich] in survival-1
[2021-01-13 18:37:09] New deadchest for [Lesansnom] in survival-1 at X:155 Y:70 Z:18
[2021-01-13 18:37:31] Deadchest of [Lesansnom] was taken by [Lesansnom] in survival-1
[2021-01-13 18:42:10] New deadchest for [chymuelo] in survival-1 at X:101 Y:73 Z:63
[2021-01-13 18:42:31] Deadchest of [chymuelo] was taken by [chymuelo] in survival-1
[2021-01-13 18:42:51] New deadchest for [chymuelo] in survival-1 at X:99 Y:73 Z:53
[2021-01-13 18:43:07] Deadchest of [chymuelo] was taken by [chymuelo] in survival-1
[2021-01-13 18:48:29] New deadchest for [0_Tomy_0] in survival-1 at X:-891 Y:58 Z:-397
[2021-01-13 18:48:46] Deadchest of [0_Tomy_0] was taken by [0_Tomy_0] in survival-1
[2021-01-13 18:53:25] New deadchest for [lucas] in survival-1 at X:-607 Y:64 Z:-427
[2021-01-13 18:53:25] Deadchest of [lucas] was protected from explosion in survival-1
[2021-01-13 18:53:56] Deadchest of [lucas] was taken by [lucas] in survival-1
[2021-01-13 18:54:40] New deadchest for [lucas] in survival-1 at X:-589 Y:64 Z:-456
[2021-01-13 18:55:12] Deadchest of [lucas] was taken by [lucas] in survival-1
[2021-01-13 18:57:08] New deadchest for [Romerovich] in survival-1 at X:179 Y:68 Z:-8
[2021-01-13 18:58:34] Deadchest of [Romerovich] was taken by [Romerovich] in survival-1
[2021-01-13 19:39:48] New deadchest for [tutucas] in survival-1 at X:-801 Y:11 Z:323
[2021-01-13 19:39:48] Deadchest of [tutucas] was protected from explosion in survival-1
[2021-01-13 19:49:41] New deadchest for [tutucas] in survival-1 at X:-279 Y:78 Z:260
[2021-01-13 19:50:02] Deadchest of [tutucas] was taken by [tutucas] in survival-1
[2021-01-13 19:50:43] New deadchest for [HoRancio] in survival-1_nether at X:60 Y:62 Z:187
[2021-01-13 19:51:10] Deadchest of [HoRancio] was taken by [HoRancio] in survival-1_nether
[2021-01-13 19:52:24] New deadchest for [valen6000] in survival-1 at X:-606 Y:69 Z:278
[2021-01-13 19:53:27] Player [valen6000] died without inventory : No Deadchest generated
[2021-01-13 19:54:45] Deadchest of [tutucas] was taken by [tutucas] in survival-1
[2021-01-13 19:57:02] New deadchest for [HoRancio] in survival-1_nether at X:-44 Y:64 Z:219
[2021-01-13 19:57:30] Deadchest of [HoRancio] was taken by [HoRancio] in survival-1_nether
[2021-01-13 19:58:27] New deadchest for [HoRancio] in survival-1_nether at X:-57 Y:72 Z:250
[2021-01-13 20:00:24] Player [HoRancio] died without inventory : No Deadchest generated
[2021-01-13 20:02:45] Deadchest of [HoRancio] was taken by [HoRancio] in survival-1_nether
[2021-01-13 20:08:32] New deadchest for [lucas] in survival-1 at X:-760 Y:11 Z:-499
[2021-01-13 20:11:12] Deadchest of [lucas] was taken by [lucas] in survival-1
[2021-01-13 20:17:35] New deadchest for [valen6000] in survival-1 at X:-880 Y:63 Z:-402
[2021-01-13 20:19:38] Deadchest of [valen6000] was taken by [valen6000] in survival-1
[2021-01-13 20:21:12] New deadchest for [valen6000] in survival-1 at X:-812 Y:64 Z:-415
[2021-01-13 20:23:27] New deadchest for [0_Tomy_0] in survival-1 at X:-826 Y:62 Z:-399
[2021-01-13 20:23:31] Deadchest of [valen6000] was taken by [valen6000] in survival-1
[2021-01-13 20:24:04] Deadchest of [0_Tomy_0] was taken by [0_Tomy_0] in survival-1
[2021-01-13 20:28:16] New deadchest for [valen6000] in survival-1 at X:-765 Y:66 Z:-509
[2021-01-13 20:32:36] New deadchest for [valen6000] in survival-1 at X:-52 Y:66 Z:185
[2021-01-13 20:34:27] Player [valen6000] died without inventory : No Deadchest generated
[2021-01-13 21:30:48] New deadchest for [valen6000] in survival-1 at X:82 Y:21 Z:228
[2021-01-13 21:32:35] Deadchest of [valen6000] was taken by [valen6000] in survival-1
[2021-01-13 21:37:26] New deadchest for [tutucas] in survival-1 at X:-1042 Y:67 Z:1074
[2021-01-13 21:37:44] Deadchest of [tutucas] was taken by [tutucas] in survival-1
[2021-01-13 23:24:03] New deadchest for [HoRancio] in survival-1 at X:-688 Y:63 Z:-689
[2021-01-13 23:26:42] Deadchest of [HoRancio] was taken by [HoRancio] in survival-1
[2021-01-13 23:30:37] New deadchest for [lucas] in survival-1_nether at X:2 Y:61 Z:-159
[2021-01-13 23:33:09] Deadchest of [lucas] was taken by [lucas] in survival-1_nether
[2021-01-14 02:20:36] New deadchest for [FERNANFLOW] in survival-1_nether at X:17 Y:47 Z:-61
[2021-01-14 02:22:04] Deadchest of [FERNANFLOW] was taken by [FERNANFLOW] in survival-1_nether
[2021-01-14 03:00:56] New deadchest for [taiel] in survival-1 at X:-1424 Y:35 Z:338
[2021-01-14 04:49:27] Deadchest of [NachinSheep] was taken by [NachinSheep] in survival-1_nether
[2021-01-14 05:30:48] New deadchest for [NachinSheep] in survival-1 at X:-2464 Y:72 Z:2155
[2021-01-14 05:30:48] Deadchest of [NachinSheep] was protected from explosion in survival-1
[2021-01-14 05:30:54] Deadchest of [NachinSheep] was taken by [NachinSheep] in survival-1
[2021-01-14 05:47:43] New deadchest for [NachinSheep] in survival-1 at X:-2397 Y:76 Z:2196
[2021-01-14 05:48:04] Deadchest of [NachinSheep] was taken by [NachinSheep] in survival-1
[2021-01-14 06:05:06] New deadchest for [FERNANFLOW] in survival-1 at X:-747 Y:66 Z:-618
[2021-01-14 06:08:34] Deadchest of [FERNANFLOW] was taken by [FERNANFLOW] in survival-1
[2021-01-14 07:08:09] New deadchest for [NachinSheep] in survival-1 at X:-2407 Y:72 Z:2192
[2021-01-14 07:08:26] Deadchest of [NachinSheep] was taken by [NachinSheep] in survival-1
[2021-01-14 08:36:22] New deadchest for [NachinSheep] in survival-1_the_end at X:26 Y:60 Z:11
[2021-01-14 08:37:49] Deadchest of [NachinSheep] was taken by [NachinSheep] in survival-1_the_end
[2021-01-14 10:16:17] New deadchest for [Romerovich] in survival-1 at X:2513 Y:47 Z:-1194
[2021-01-14 10:29:06] Deadchest of [Romerovich] was taken by [Romerovich] in survival-1
[2021-01-14 14:08:36] New deadchest for [Romerovich] in survival-1 at X:-611 Y:78 Z:107
[2021-01-14 14:10:44] Deadchest of [Romerovich] was taken by [Romerovich] in survival-1
[2021-01-14 19:19:48] New deadchest for [hermano_de_tai] in survival-1 at X:4129 Y:59 Z:-4994
[2021-01-14 20:01:08] New deadchest for [Romerovich] in survival-1 at X:-3228 Y:63 Z:-2623
[2021-01-14 20:12:30] Deadchest of [Romerovich] was taken by [Romerovich] in survival-1
[2021-01-14 20:26:36] New deadchest for [RodolffHD] in survival-1 at X:-3923 Y:62 Z:-389
[2021-01-14 20:33:57] Deadchest of [RodolffHD] was taken by [RodolffHD] in survival-1
[2021-01-14 21:08:47] New deadchest for [valen6000] in survival-1 at X:118 Y:19 Z:195
[2021-01-14 21:10:02] Player [valen6000] died without inventory : No Deadchest generated
[2021-01-14 21:35:56] New deadchest for [valen6000] in survival-1 at X:-4936 Y:82 Z:-4188
[2021-01-14 23:09:26] Deadchest of [valen6000] was taken by [valen6000] in survival-1
[2021-01-14 23:12:09] New deadchest for [valen6000] in survival-1 at X:74 Y:62 Z:149
[2021-01-14 23:17:33] Deadchest of [valen6000] was taken by [valen6000] in survival-1
[2021-01-15 00:02:47] New deadchest for [valen6000] in survival-1 at X:72 Y:63 Z:157
[2021-01-15 00:06:36] New deadchest for [chymuelo] in survival-1 at X:95 Y:65 Z:-29
[2021-01-15 00:11:06] New deadchest for [chymuelo] in survival-1 at X:-2484 Y:68 Z:1042
[2021-01-15 00:11:06] Deadchest of [chymuelo] was protected from explosion in survival-1
[2021-01-15 00:13:29] Deadchest of [valen6000] was taken by [valen6000] in survival-1
[2021-01-15 00:21:10] Deadchest of [chymuelo] was taken by [chymuelo] in survival-1
[2021-01-15 00:27:04] New deadchest for [chymuelo] in survival-1 at X:179 Y:75 Z:60
[2021-01-15 00:27:28] New deadchest for [chymuelo] in survival-1 at X:185 Y:69 Z:61
[2021-01-15 00:27:39] Deadchest of [chymuelo] was taken by [chymuelo] in survival-1
[2021-01-15 00:27:44] Deadchest of [chymuelo] was taken by [chymuelo] in survival-1
[2021-01-15 00:51:38] New deadchest for [chymuelo] in survival-1 at X:174 Y:71 Z:56
[2021-01-15 00:51:50] Deadchest of [chymuelo] was taken by [chymuelo] in survival-1
[2021-01-15 01:29:46] New deadchest for [valen6000] in survival-1 at X:77 Y:62 Z:147
[2021-01-15 01:30:46] Deadchest of [valen6000] was taken by [valen6000] in survival-1
[2021-01-15 01:49:17] New deadchest for [chymuelo] in survival-1 at X:171 Y:68 Z:59
[2021-01-15 01:49:28] Deadchest of [chymuelo] was taken by [chymuelo] in survival-1
[2021-01-15 11:40:10] New deadchest for [chymuelo] in survival-1 at X:61 Y:63 Z:112
[2021-01-15 11:40:42] Deadchest of [chymuelo] was taken by [chymuelo] in survival-1
[2021-01-15 11:48:26] New deadchest for [chymuelo] in survival-1_nether at X:3 Y:58 Z:187
[2021-01-15 11:50:06] Deadchest of [chymuelo] was taken by [chymuelo] in survival-1_nether
[2021-01-15 13:06:05] New deadchest for [chymuelo] in survival-1 at X:183 Y:71 Z:59
[2021-01-15 13:06:38] Deadchest of [chymuelo] was taken by [chymuelo] in survival-1
[2021-01-15 14:57:45] New deadchest for [chymuelo] in survival-1 at X:-59 Y:42 Z:217
[2021-01-15 14:57:45] Deadchest of [chymuelo] was protected from explosion in survival-1
[2021-01-15 15:01:14] Deadchest of [chymuelo] was taken by [chymuelo] in survival-1
[2021-01-15 15:03:41] New deadchest for [chymuelo] in survival-1 at X:-90 Y:46 Z:234
[2021-01-15 15:03:41] Deadchest of [chymuelo] was protected from explosion in survival-1
[2021-01-15 15:06:48] Player [chymuelo] died without inventory : No Deadchest generated
[2021-01-15 15:09:50] Deadchest of [chymuelo] was taken by [chymuelo] in survival-1
[2021-01-15 15:09:54] New deadchest for [chymuelo] in survival-1 at X:-80 Y:50 Z:239
[2021-01-15 15:09:54] Deadchest of [chymuelo] was protected from explosion in survival-1
[2021-01-15 15:12:35] New deadchest for [chymuelo] in survival-1 at X:-29 Y:26 Z:236
[2021-01-15 15:17:20] Deadchest of [chymuelo] was taken by [chymuelo] in survival-1
[2021-01-15 15:17:54] Deadchest of [chymuelo] was taken by [chymuelo] in survival-1
[2021-01-15 16:05:19] New deadchest for [chymuelo] in survival-1 at X:-756 Y:68 Z:234
[2021-01-15 16:07:37] Player [chymuelo] died without inventory : No Deadchest generated
[2021-01-15 16:07:37] New deadchest for [Romerovich] in survival-1 at X:-687 Y:69 Z:300
[2021-01-15 16:07:37] Deadchest of [Romerovich] was protected from explosion in survival-1
[2021-01-15 16:13:49] Deadchest of [Romerovich] was taken by [Romerovich] in survival-1
[2021-01-15 16:16:08] Deadchest of [chymuelo] was taken by [chymuelo] in survival-1
[2021-01-15 19:22:13] New deadchest for [chymuelo] in survival-1 at X:176 Y:71 Z:73
[2021-01-15 19:22:29] Deadchest of [chymuelo] was taken by [chymuelo] in survival-1
[2021-01-15 19:33:47] New deadchest for [chymuelo] in survival-1 at X:175 Y:72 Z:42
[2021-01-15 19:34:00] Deadchest of [chymuelo] was taken by [chymuelo] in survival-1
[2021-01-15 19:36:24] New deadchest for [chymuelo] in survival-1 at X:81 Y:64 Z:142
[2021-01-15 19:37:01] Deadchest of [chymuelo] was taken by [chymuelo] in survival-1
[2021-01-15 20:13:32] New deadchest for [tutucas] in survival-1_nether at X:-143 Y:67 Z:99
[2021-01-15 20:14:29] Deadchest of [tutucas] was taken by [tutucas] in survival-1_nether
[2021-01-15 20:14:47] New deadchest for [tutucas] in survival-1_nether at X:-143 Y:67 Z:98
[2021-01-15 20:16:09] Deadchest of [tutucas] was taken by [tutucas] in survival-1_nether
[2021-01-15 20:59:58] New deadchest for [FERNANFLOW] in survival-1 at X:-972 Y:92 Z:-373
[2021-01-15 21:01:08] Deadchest of [FERNANFLOW] was taken by [FERNANFLOW] in survival-1
[2021-01-15 21:36:11] New deadchest for [chymuelo] in survival-1 at X:182 Y:64 Z:-7
[2021-01-15 21:36:35] Deadchest of [chymuelo] was taken by [chymuelo] in survival-1
[2021-01-15 21:55:13] New deadchest for [chymuelo] in survival-1 at X:183 Y:70 Z:52
[2021-01-15 21:55:29] Deadchest of [chymuelo] was taken by [chymuelo] in survival-1
[2021-01-15 22:44:25] New deadchest for [tutucas] in survival-1 at X:-953 Y:39 Z:1213
[2021-01-15 22:44:25] Deadchest of [tutucas] was protected from explosion in survival-1
[2021-01-15 22:45:21] Deadchest of [tutucas] was taken by [tutucas] in survival-1
[2021-01-15 23:06:51] New deadchest for [tutucas] in survival-1 at X:-1028 Y:21 Z:1182
[2021-01-16 05:36:10] New deadchest for [lucas] in survival-1 at X:-576 Y:11 Z:-356
[2021-01-16 05:36:10] Deadchest of [lucas] was protected from explosion in survival-1
[2021-01-16 05:42:42] Deadchest of [lucas] was taken by [lucas] in survival-1
[2021-01-16 05:43:39] New deadchest for [lucas] in survival-1 at X:-568 Y:12 Z:-350
[2021-01-16 05:44:09] Deadchest of [lucas] was taken by [lucas] in survival-1
[2021-01-16 06:58:46] New deadchest for [FERNANFLOW] in survival-1 at X:-3289 Y:20 Z:-3113
[2021-01-16 06:58:46] Deadchest of [FERNANFLOW] was protected from explosion in survival-1
[2021-01-16 06:59:04] Deadchest of [FERNANFLOW] was taken by [FERNANFLOW] in survival-1
[2021-01-16 17:01:03] New deadchest for [FollowHD] in survival-1 at X:-724 Y:70 Z:-4455
[2021-01-16 17:01:03] Deadchest of [FollowHD] was protected from explosion in survival-1
[2021-01-16 17:04:54] New deadchest for [FollowHD] in survival-1 at X:936 Y:70 Z:1780
[2021-01-16 17:10:09] New deadchest for [FollowHD] in survival-1 at X:-4715 Y:70 Z:-3252
[2021-01-16 17:10:09] Deadchest of [FollowHD] was protected from explosion in survival-1
[2021-01-16 17:12:22] New deadchest for [FollowHD] in SpeedRun at X:-77 Y:64 Z:-10
[2021-01-16 17:12:33] Deadchest of [FollowHD] was taken by [taielmartinez] in SpeedRun
[2021-01-16 17:13:26] New deadchest for [taielmartinez] in SpeedRun at X:-77 Y:64 Z:-12
[2021-01-16 17:13:35] Deadchest of [taielmartinez] was taken by [FollowHD] in SpeedRun
[2021-01-16 17:14:09] Player [taielmartinez] died without inventory : No Deadchest generated
[2021-01-16 17:15:37] Player [taielmartinez] died without inventory : No Deadchest generated
[2021-01-16 17:21:01] New deadchest for [taielmartinez] in SpeedRun at X:-72 Y:72 Z:-11
[2021-01-16 17:21:06] Deadchest of [taielmartinez] was taken by [FollowHD] in SpeedRun
[2021-01-16 18:13:07] New deadchest for [Beatrizbsouza_] in SpeedRun at X:-75 Y:68 Z:-12
[2021-01-16 18:13:21] Deadchest of [Beatrizbsouza_] was taken by [Beatrizbsouza_] in SpeedRun
[2021-01-16 18:13:50] New deadchest for [Beatrizbsouza_] in SpeedRun at X:-74 Y:68 Z:-12
[2021-01-16 18:13:58] Deadchest of [Beatrizbsouza_] was taken by [Beatrizbsouza_] in SpeedRun
[2021-01-16 18:21:24] New deadchest for [haiSuzy] in SpeedRun at X:-67 Y:73 Z:-55
[2021-01-16 18:21:43] Deadchest of [haiSuzy] was taken by [haiSuzy] in SpeedRun
[2021-01-16 18:23:16] New deadchest for [haiSuzy] in SpeedRun at X:-79 Y:64 Z:-53
[2021-01-16 18:23:28] Deadchest of [haiSuzy] was taken by [haiSuzy] in SpeedRun
[2021-01-16 18:23:55] New deadchest for [Beatrizbsouza_] in SpeedRun at X:-76 Y:68 Z:-12
[2021-01-16 18:24:01] Deadchest of [Beatrizbsouza_] was taken by [Beatrizbsouza_] in SpeedRun
[2021-01-16 18:24:02] New deadchest for [PedrinzzzzzS2] in SpeedRun at X:-66 Y:63 Z:-56
[2021-01-16 18:24:18] Deadchest of [PedrinzzzzzS2] was taken by [PedrinzzzzzS2] in SpeedRun
[2021-01-16 18:24:25] New deadchest for [iTzXzy] in SpeedRun at X:-77 Y:63 Z:-49
[2021-01-16 18:24:25] Deadchest of [iTzXzy] was protected from explosion in SpeedRun
[2021-01-16 18:24:25] Deadchest of [iTzXzy] was protected from explosion in SpeedRun
[2021-01-16 18:24:25] Deadchest of [iTzXzy] was protected from explosion in SpeedRun
[2021-01-16 18:24:29] New deadchest for [PedrinzzzzzS2] in SpeedRun at X:-67 Y:63 Z:-57
[2021-01-16 18:24:29] Deadchest of [PedrinzzzzzS2] was protected from explosion in SpeedRun
[2021-01-16 18:24:29] Deadchest of [PedrinzzzzzS2] was protected from explosion in SpeedRun
[2021-01-16 18:24:29] Deadchest of [PedrinzzzzzS2] was protected from explosion in SpeedRun
[2021-01-16 18:24:29] Deadchest of [PedrinzzzzzS2] was protected from explosion in SpeedRun
[2021-01-16 18:24:29] Deadchest of [PedrinzzzzzS2] was protected from explosion in SpeedRun
[2021-01-16 18:24:29] Deadchest of [PedrinzzzzzS2] was protected from explosion in SpeedRun
[2021-01-16 18:24:29] Deadchest of [PedrinzzzzzS2] was protected from explosion in SpeedRun
[2021-01-16 18:24:29] Deadchest of [PedrinzzzzzS2] was protected from explosion in SpeedRun
[2021-01-16 18:24:29] Deadchest of [PedrinzzzzzS2] was protected from explosion in SpeedRun
[2021-01-16 18:24:29] Deadchest of [PedrinzzzzzS2] was protected from explosion in SpeedRun
[2021-01-16 18:24:29] Deadchest of [PedrinzzzzzS2] was protected from explosion in SpeedRun
[2021-01-16 18:24:29] Deadchest of [PedrinzzzzzS2] was protected from explosion in SpeedRun
[2021-01-16 18:24:29] Deadchest of [PedrinzzzzzS2] was protected from explosion in SpeedRun
[2021-01-16 18:24:29] Deadchest of [PedrinzzzzzS2] was protected from explosion in SpeedRun
[2021-01-16 18:24:29] Deadchest of [PedrinzzzzzS2] was protected from explosion in SpeedRun
[2021-01-16 18:24:45] Deadchest of [PedrinzzzzzS2] was taken by [PedrinzzzzzS2] in SpeedRun
[2021-01-16 18:26:09] New deadchest for [DaviJust] in SpeedRun at X:-67 Y:59 Z:-56
[2021-01-16 18:26:09] New deadchest for [PedrinzzzzzS2] in SpeedRun at X:-70 Y:59 Z:-54
[2021-01-16 18:26:16] Deadchest of [PedrinzzzzzS2] was taken by [PedrinzzzzzS2] in SpeedRun
[2021-01-16 18:26:18] Deadchest of [DaviJust] was taken by [DaviJust] in SpeedRun
[2021-01-16 18:26:19] New deadchest for [haiSuzy] in SpeedRun at X:-73 Y:59 Z:-45
[2021-01-16 18:26:19] New deadchest for [PedrinzzzzzS2] in SpeedRun at X:-71 Y:60 Z:-46
[2021-01-16 18:26:19] Deadchest of [haiSuzy] was protected from explosion in SpeedRun
[2021-01-16 18:26:19] Deadchest of [PedrinzzzzzS2] was protected from explosion in SpeedRun
[2021-01-16 18:26:19] Deadchest of [iTzXzy] was protected from explosion in SpeedRun
[2021-01-16 18:26:32] Deadchest of [PedrinzzzzzS2] was taken by [PedrinzzzzzS2] in SpeedRun
[2021-01-16 18:26:33] Deadchest of [haiSuzy] was taken by [haiSuzy] in SpeedRun
[2021-01-16 18:27:21] New deadchest for [iTzXzy] in SpeedRun at X:-125 Y:64 Z:-80
[2021-01-16 18:27:31] New deadchest for [Beatrizbsouza_] in SpeedRun at X:-118 Y:64 Z:-82
[2021-01-16 18:27:37] New deadchest for [PedrinzzzzzS2] in SpeedRun at X:-119 Y:64 Z:-94
[2021-01-16 18:27:59] Deadchest of [Beatrizbsouza_] was taken by [Beatrizbsouza_] in SpeedRun
[2021-01-16 18:28:07] Deadchest of [PedrinzzzzzS2] was taken by [PedrinzzzzzS2] in SpeedRun
[2021-01-16 18:28:21] New deadchest for [PedrinzzzzzS2] in SpeedRun at X:-164 Y:66 Z:-127
[2021-01-16 18:28:44] New deadchest for [haiSuzy] in SpeedRun at X:-141 Y:64 Z:-76
[2021-01-16 18:28:47] New deadchest for [iTzXzy] in SpeedRun at X:-144 Y:65 Z:-69
[2021-01-16 18:29:08] Deadchest of [PedrinzzzzzS2] was taken by [PedrinzzzzzS2] in SpeedRun
[2021-01-16 18:29:10] Deadchest of [haiSuzy] was taken by [haiSuzy] in SpeedRun
[2021-01-16 18:30:34] Deadchest of [iTzXzy] was taken by [iTzXzy] in SpeedRun
[2021-01-16 18:31:03] Deadchest of [iTzXzy] was taken by [taielmartinez] in SpeedRun
[2021-01-16 18:32:18] Player [iTzXzy] died without inventory : No Deadchest generated
[2021-01-16 18:32:26] New deadchest for [PedrinzzzzzS2] in SpeedRun at X:-102 Y:65 Z:-107
[2021-01-16 18:33:04] Deadchest of [PedrinzzzzzS2] was taken by [PedrinzzzzzS2] in SpeedRun
[2021-01-16 18:33:45] New deadchest for [Beatrizbsouza_] in SpeedRun at X:-145 Y:64 Z:-77
[2021-01-16 18:34:17] Deadchest of [Beatrizbsouza_] was taken by [Beatrizbsouza_] in SpeedRun
[2021-01-16 18:34:47] Deadchest of [iTzXzy] was taken by [iTzXzy] in SpeedRun
[2021-01-16 18:40:13] New deadchest for [DaviJust] in survival-1_nether at X:93 Y:55 Z:-116
[2021-01-16 18:41:05] Player [haiSuzy] died without inventory : No Deadchest generated
[2021-01-16 18:41:56] New deadchest for [PedrinzzzzzS2] in survival-1_nether at X:89 Y:24 Z:-109
[2021-01-16 18:42:57] New deadchest for [PedrinzzzzzS2] in SpeedRun at X:-71 Y:64 Z:-14
[2021-01-16 18:43:48] Deadchest of [PedrinzzzzzS2] was taken by [PedrinzzzzzS2] in SpeedRun
[2021-01-16 18:46:02] New deadchest for [DaviJust] in SpeedRun at X:-118 Y:67 Z:11
[2021-01-16 18:46:52] New deadchest for [DaviJust] in SpeedRun at X:-76 Y:67 Z:-17
[2021-01-16 18:47:16] New deadchest for [iTzXzy] in survival-1_nether at X:81 Y:45 Z:152
[2021-01-16 18:47:35] New deadchest for [PedrinzzzzzS2] in SpeedRun at X:-86 Y:64 Z:-9
[2021-01-16 18:47:43] Deadchest of [PedrinzzzzzS2] was taken by [PedrinzzzzzS2] in SpeedRun
[2021-01-16 18:49:12] New deadchest for [haiSuzy] in SpeedRun at X:-78 Y:81 Z:-20
[2021-01-16 18:49:12] New deadchest for [iTzXzy] in SpeedRun at X:-77 Y:81 Z:-20
[2021-01-16 18:49:12] Deadchest of [iTzXzy] was protected from explosion in SpeedRun
[2021-01-16 18:49:31] New deadchest for [iTzXzy] in SpeedRun at X:-77 Y:67 Z:-20
[2021-01-16 18:49:49] Deadchest of [iTzXzy] was taken by [iTzXzy] in SpeedRun
[2021-01-16 18:52:38] New deadchest for [iTzXzy] in SpeedRun at X:93 Y:65 Z:90
[2021-01-16 20:11:04] New deadchest for [PedrinzzzzzS2] in SpeedRun at X:-353 Y:75 Z:-48
[2021-01-16 20:27:56] New deadchest for [lucas] in survival-1_nether at X:-139 Y:13 Z:-55
[2021-01-16 20:28:43] Deadchest of [lucas] was taken by [lucas] in survival-1_nether
[2021-01-17 04:57:02] New deadchest for [chymuelo] in survival-1 at X:-110 Y:62 Z:-207
[2021-01-17 05:01:02] New deadchest for [chymuelo] in survival-1 at X:-106 Y:69 Z:57
[2021-01-17 05:05:04] Deadchest of [chymuelo] was taken by [chymuelo] in survival-1
[2021-01-17 05:06:01] New deadchest for [chymuelo] in survival-1 at X:92 Y:64 Z:100
[2021-01-17 05:09:51] Deadchest of [chymuelo] was taken by [chymuelo] in survival-1
[2021-01-17 05:13:17] Deadchest of [chymuelo] was taken by [chymuelo] in survival-1
[2021-01-17 08:28:09] New deadchest for [FERNANFLOW] in survival-1_nether at X:-755 Y:13 Z:-3483
[2021-01-17 08:31:26] Deadchest of [FERNANFLOW] was taken by [FERNANFLOW] in survival-1_nether
[2021-01-18 16:58:35] New deadchest for [taiel] in survival-1 at X:-1273 Y:30 Z:307
[2021-01-18 16:58:35] Deadchest of [taiel] was protected from explosion in survival-1
[2021-01-18 16:59:04] Deadchest of [taiel] was taken by [taiel] in survival-1
[2021-01-18 17:00:45] New deadchest for [taiel] in survival-1 at X:-1267 Y:39 Z:323
[2021-01-18 17:00:50] Deadchest of [taiel] was taken by [taiel] in survival-1
[2021-01-18 17:06:28] New deadchest for [taiel] in survival-1 at X:-1275 Y:21 Z:298
[2021-01-18 17:06:32] Deadchest of [taiel] was taken by [taiel] in survival-1
[2021-01-18 21:07:15] New deadchest for [chymuelo] in survival-1_nether at X:7 Y:80 Z:-2
[2021-01-18 21:07:49] Deadchest of [chymuelo] was taken by [chymuelo] in survival-1_nether
[2021-01-18 21:07:52] New deadchest for [chymuelo] in survival-1_nether at X:7 Y:78 Z:0
[2021-01-18 21:08:27] Deadchest of [chymuelo] was taken by [chymuelo] in survival-1_nether
[2021-01-18 21:08:31] New deadchest for [chymuelo] in survival-1_nether at X:5 Y:80 Z:-1
[2021-01-18 21:09:08] Deadchest of [chymuelo] was taken by [chymuelo] in survival-1_nether
[2021-01-18 21:24:07] New deadchest for [SinLimiteRandom] in survival-1 at X:4358 Y:78 Z:-3037
[2021-01-18 21:24:07] Deadchest of [SinLimiteRandom] was protected from explosion in survival-1
[2021-01-18 21:24:22] Deadchest of [SinLimiteRandom] was taken by [SinLimiteRandom] in survival-1
[2021-01-18 21:30:45] New deadchest for [chymuelo] in survival-1 at X:175 Y:72 Z:27
[2021-01-18 21:30:46] Deadchest of [chymuelo] was protected from explosion in survival-1
[2021-01-18 21:31:31] Deadchest of [chymuelo] was taken by [chymuelo] in survival-1
[2021-01-18 22:11:07] New deadchest for [chymuelo] in survival-1 at X:127 Y:66 Z:-5
[2021-01-18 22:11:31] Deadchest of [chymuelo] was taken by [chymuelo] in survival-1
[2021-01-18 22:16:34] New deadchest for [chymuelo] in survival-1 at X:167 Y:73 Z:27
[2021-01-18 22:16:59] Deadchest of [chymuelo] was taken by [chymuelo] in survival-1
[2021-01-19 00:20:09] New deadchest for [Dead_ware] in survival-1 at X:-4931 Y:73 Z:3652
[2021-01-19 00:24:07] Deadchest of [Dead_ware] was taken by [Dead_ware] in survival-1
[2021-01-19 00:33:00] New deadchest for [MeluuLecc] in survival-1 at X:-4934 Y:78 Z:3640
[2021-01-19 00:35:31] Deadchest of [MeluuLecc] was taken by [MeluuLecc] in survival-1
