[16:36:27] [main/INFO]: Environment: authHost='https://authserver.mojang.com', accountsHost='https://api.mojang.com', sessionHost='https://sessionserver.mojang.com', servicesHost='https://api.minecraftservices.com', name='PROD'
[16:36:28] [main/INFO]: Reloading ResourceManager: Default, bukkit
[16:36:28] [Worker-Main-14/INFO]: Loaded 7 recipes
[16:36:30] [Server thread/INFO]: Starting minecraft server version 1.16.4
[16:36:30] [Server thread/INFO]: Loading properties
[16:36:30] [Server thread/INFO]: This server is running CraftBukkit version git-Spigot-a56d446-7029c0a (MC: 1.16.4) (Implementing API version 1.16.4-R0.1-SNAPSHOT)
[16:36:30] [Server thread/INFO]: Debug logging is disabled
[16:36:30] [Server thread/INFO]: Server Ping Player Sample Count: 12
[16:36:30] [Server thread/INFO]: Using 4 threads for Netty based IO
[16:36:30] [Server thread/INFO]: Default game type: SURVIVAL
[16:36:30] [Server thread/INFO]: Generating keypair
[16:36:30] [Server thread/INFO]: Starting Minecraft server on *:25565
[16:36:30] [Server thread/INFO]: Using default channel type
[16:36:34] [Server thread/WARN]: Initializing Legacy Material Support. Unless you have legacy plugins and/or data this is a bug!
[16:36:37] [Server thread/WARN]: Legacy plugin AntiLag v2.0 does not specify an api-version.
[16:36:37] [Server thread/WARN]: Legacy plugin LibelulaProtectionBlocks v2.0.10 Release does not specify an api-version.
[16:36:37] [Server thread/WARN]: Legacy plugin AmkMcAuth v1.3.4 does not specify an api-version.
[16:36:37] [Server thread/WARN]: Legacy plugin PingTab v1.3.5 does not specify an api-version.
[16:36:37] [Server thread/WARN]: Legacy plugin Skillz v5.8 does not specify an api-version.
[16:36:38] [Server thread/INFO]: [LuckPerms] Loading LuckPerms v5.2.76
[16:36:38] [Server thread/INFO]: [AntiLag] Loading AntiLag v2.0
[16:36:38] [Server thread/INFO]: [LibelulaProtectionBlocks] Loading LibelulaProtectionBlocks v2.0.10 Release
[16:36:38] [Server thread/INFO]: [PlaceholderAPI] Loading PlaceholderAPI v2.10.9
[16:36:38] [Server thread/INFO]: [AmkMcAuth] Loading AmkMcAuth v1.3.4
[16:36:38] [Server thread/INFO]: [Vault] Loading Vault v1.7.3-b131
[16:36:38] [Server thread/INFO]: [PingTab] Loading PingTab v1.3.5
[16:36:38] [Server thread/INFO]: [Skillz] Loading Skillz v5.8
[16:36:38] [Server thread/INFO]: [GUIShop] Loading GUIShop v8.4
[16:36:38] [Server thread/INFO]: [WorldEdit] Loading WorldEdit v7.2.1+299386a
[16:36:39] [Server thread/INFO]: Got request to register class com.sk89q.worldedit.bukkit.BukkitServerInterface with WorldEdit [com.sk89q.worldedit.extension.platform.PlatformManager@2802973d]
[16:36:39] [Server thread/INFO]: [Essentials] Loading Essentials v2.18.2.0
[16:36:39] [Server thread/INFO]: [AdvancedTeleport] Loading AdvancedTeleport v5.4-SNAPSHOT-1
[16:36:39] [Server thread/INFO]: [EssentialsChat] Loading EssentialsChat v2.18.2.0
[16:36:39] [Server thread/INFO]: [EssentialsGeoIP] Loading EssentialsGeoIP v2.18.2.0
[16:36:39] [Server thread/INFO]: [CommandPanels] Loading CommandPanels v3.15.1.1
[16:36:39] [Server thread/INFO]: [WorldGuard] Loading WorldGuard v7.0.4+f7ff984
[16:36:39] [Server thread/INFO]: [SimpleScore] Loading SimpleScore v3.6.2
[16:36:39] [Server thread/INFO]: [Jobs] Loading Jobs v4.17.0
[16:36:39] [Server thread/INFO]: [DeadChest] Loading DeadChest v4.3.0
[16:36:39] [Server thread/INFO]: [DeadChest] Worldguard support disabled by user
[16:36:39] [Server thread/INFO]: [LuckPerms] Enabling LuckPerms v5.2.76
[16:36:40] [Server thread/INFO]: [0;36;1m       [0;36;22m __    [m
[16:36:40] [Server thread/INFO]: [0;36;1m  |    [0;36;22m|__)   [0;32;22mLuckPerms[m [0;36;1mv5.2.76[m
[16:36:40] [Server thread/INFO]: [0;36;1m  |___ [0;36;22m|      [0;30;1mRunning on Bukkit - CraftBukkit[m
[16:36:40] [Server thread/INFO]: [m
[16:36:40] [Server thread/INFO]: [LuckPerms] Loading configuration...
[16:36:40] [Server thread/INFO]: [LuckPerms] Loading storage provider... [H2]
[16:36:41] [Server thread/INFO]: [LuckPerms] Loading internal permission managers...
[16:36:41] [Server thread/INFO]: [LuckPerms] Performing initial data load...
[16:36:41] [Server thread/INFO]: [LuckPerms] Successfully enabled. (took 1956ms)
[16:36:41] [Server thread/INFO]: [Vault] Enabling Vault v1.7.3-b131
[16:36:41] [Server thread/WARN]: [Vault] Loaded class com.earth2me.essentials.api.Economy from Essentials v2.18.2.0 which is not a depend, softdepend or loadbefore of this plugin.
[16:36:41] [Server thread/INFO]: [Vault] [Economy] Essentials Economy found: Waiting
[16:36:41] [Server thread/INFO]: [Vault] [Permission] SuperPermissions loaded as backup permission system.
[16:36:41] [Server thread/INFO]: [Vault] Enabled Version 1.7.3-b131
[16:36:41] [Server thread/INFO]: [LuckPerms] Registered Vault permission & chat hook.
[16:36:41] [Server thread/INFO]: [WorldEdit] Enabling WorldEdit v7.2.1+299386a
[16:36:41] [Server thread/INFO]: WEPIF: Vault detected! Using Vault for permissions
[16:36:41] [Server thread/INFO]: Using com.sk89q.worldedit.bukkit.adapter.impl.Spigot_v1_16_R3 as the Bukkit adapter
[16:36:42] [Server thread/WARN]: [WorldEdit] ====================================================
[16:36:42] [Server thread/WARN]: [WorldEdit]  WorldEdit works better if you use Paper 
[16:36:42] [Server thread/WARN]: [WorldEdit]  as your server software. 
[16:36:42] [Server thread/WARN]: [WorldEdit]   
[16:36:42] [Server thread/WARN]: [WorldEdit]  Paper offers significant performance improvements,
[16:36:42] [Server thread/WARN]: [WorldEdit]  bug fixes, security enhancements and optional
[16:36:42] [Server thread/WARN]: [WorldEdit]  features for server owners to enhance their server.
[16:36:42] [Server thread/WARN]: [WorldEdit]   
[16:36:42] [Server thread/WARN]: [WorldEdit]  Paper includes Timings v2, which is significantly
[16:36:42] [Server thread/WARN]: [WorldEdit]  better at diagnosing lag problems over v1.
[16:36:42] [Server thread/WARN]: [WorldEdit]   
[16:36:42] [Server thread/WARN]: [WorldEdit]  All of your plugins should still work, and the
[16:36:42] [Server thread/WARN]: [WorldEdit]  Paper community will gladly help you fix any issues.
[16:36:42] [Server thread/WARN]: [WorldEdit]   
[16:36:42] [Server thread/WARN]: [WorldEdit]  Join the Paper Community @ https://papermc.io
[16:36:42] [Server thread/WARN]: [WorldEdit] ====================================================
[16:36:42] [Server thread/WARN]: **** SERVER IS RUNNING IN OFFLINE/INSECURE MODE!
[16:36:42] [Server thread/WARN]: The server will make no attempt to authenticate usernames. Beware.
[16:36:42] [Server thread/WARN]: While this makes the game possible to play without internet access, it also opens up the ability for hackers to connect with any username they choose.
[16:36:42] [Server thread/WARN]: To change this, set "online-mode" to "true" in the server.properties file.
[16:36:42] [Server thread/INFO]: Preparing level "survival-1"
[16:36:42] [Server thread/INFO]: -------- World Settings For [survival-1] --------
[16:36:42] [Server thread/INFO]: Allow Zombie Pigmen to spawn from portal blocks: true
[16:36:42] [Server thread/INFO]: Item Despawn Rate: 6000
[16:36:42] [Server thread/INFO]: Item Merge Radius: 2.5
[16:36:42] [Server thread/INFO]: View Distance: 10
[16:36:42] [Server thread/INFO]: Entity Tracking Range: Pl 48 / An 48 / Mo 48 / Mi 32 / Other 64
[16:36:42] [Server thread/INFO]: Nerfing mobs spawned from spawners: false
[16:36:42] [Server thread/INFO]: Arrow Despawn Rate: 1200 Trident Respawn Rate:1200
[16:36:42] [Server thread/INFO]: Zombie Aggressive Towards Villager: true
[16:36:42] [Server thread/INFO]: Mob Spawn Range: 6
[16:36:42] [Server thread/INFO]: Experience Merge Radius: 3.0
[16:36:42] [Server thread/INFO]: Cactus Growth Modifier: 100%
[16:36:42] [Server thread/INFO]: Cane Growth Modifier: 100%
[16:36:42] [Server thread/INFO]: Melon Growth Modifier: 100%
[16:36:42] [Server thread/INFO]: Mushroom Growth Modifier: 100%
[16:36:42] [Server thread/INFO]: Pumpkin Growth Modifier: 100%
[16:36:42] [Server thread/INFO]: Sapling Growth Modifier: 100%
[16:36:42] [Server thread/INFO]: Beetroot Growth Modifier: 100%
[16:36:42] [Server thread/INFO]: Carrot Growth Modifier: 100%
[16:36:42] [Server thread/INFO]: Potato Growth Modifier: 100%
[16:36:42] [Server thread/INFO]: Wheat Growth Modifier: 100%
[16:36:42] [Server thread/INFO]: NetherWart Growth Modifier: 100%
[16:36:42] [Server thread/INFO]: Vine Growth Modifier: 100%
[16:36:42] [Server thread/INFO]: Cocoa Growth Modifier: 100%
[16:36:42] [Server thread/INFO]: Bamboo Growth Modifier: 100%
[16:36:42] [Server thread/INFO]: SweetBerry Growth Modifier: 100%
[16:36:42] [Server thread/INFO]: Kelp Growth Modifier: 100%
[16:36:42] [Server thread/INFO]: Max TNT Explosions: 100
[16:36:42] [Server thread/INFO]: Tile Max Tick Time: 50ms Entity max Tick Time: 50ms
[16:36:42] [Server thread/INFO]: Hopper Transfer: 8 Hopper Check: 1 Hopper Amount: 1
[16:36:42] [Server thread/INFO]: Entity Activation Range: An 32 / Mo 32 / Ra 48 / Mi 16 / Tiv true
[16:36:42] [Server thread/INFO]: Custom Map Seeds:  Village: 10387312 Desert: 14357617 Igloo: 14357618 Jungle: 14357619 Swamp: 14357620 Monument: 10387313 Ocean: 14357621 Shipwreck: 165745295 End City: 10387313 Slime: 987234911 Bastion: 30084232 Fortress: 30084232 Mansion: 10387319 Fossil: 14357921 Portal: 34222645
[16:36:43] [Server thread/INFO]: Registering commands with com.sk89q.worldedit.bukkit.BukkitServerInterface
[16:36:43] [Server thread/INFO]: -------- World Settings For [survival-1_nether] --------
[16:36:43] [Server thread/INFO]: Allow Zombie Pigmen to spawn from portal blocks: true
[16:36:43] [Server thread/INFO]: Item Despawn Rate: 6000
[16:36:43] [Server thread/INFO]: Item Merge Radius: 2.5
[16:36:43] [Server thread/INFO]: View Distance: 10
[16:36:43] [Server thread/INFO]: Entity Tracking Range: Pl 48 / An 48 / Mo 48 / Mi 32 / Other 64
[16:36:43] [Server thread/INFO]: Nerfing mobs spawned from spawners: false
[16:36:43] [Server thread/INFO]: Arrow Despawn Rate: 1200 Trident Respawn Rate:1200
[16:36:43] [Server thread/INFO]: Zombie Aggressive Towards Villager: true
[16:36:43] [Server thread/INFO]: Mob Spawn Range: 6
[16:36:43] [Server thread/INFO]: Experience Merge Radius: 3.0
[16:36:43] [Server thread/INFO]: Cactus Growth Modifier: 100%
[16:36:43] [Server thread/INFO]: Cane Growth Modifier: 100%
[16:36:43] [Server thread/INFO]: Melon Growth Modifier: 100%
[16:36:43] [Server thread/INFO]: Mushroom Growth Modifier: 100%
[16:36:43] [Server thread/INFO]: Pumpkin Growth Modifier: 100%
[16:36:43] [Server thread/INFO]: Sapling Growth Modifier: 100%
[16:36:43] [Server thread/INFO]: Beetroot Growth Modifier: 100%
[16:36:43] [Server thread/INFO]: Carrot Growth Modifier: 100%
[16:36:43] [Server thread/INFO]: Potato Growth Modifier: 100%
[16:36:43] [Server thread/INFO]: Wheat Growth Modifier: 100%
[16:36:43] [Server thread/INFO]: NetherWart Growth Modifier: 100%
[16:36:43] [Server thread/INFO]: Vine Growth Modifier: 100%
[16:36:43] [Server thread/INFO]: Cocoa Growth Modifier: 100%
[16:36:43] [Server thread/INFO]: Bamboo Growth Modifier: 100%
[16:36:43] [Server thread/INFO]: SweetBerry Growth Modifier: 100%
[16:36:43] [Server thread/INFO]: Kelp Growth Modifier: 100%
[16:36:43] [Server thread/INFO]: Max TNT Explosions: 100
[16:36:43] [Server thread/INFO]: Tile Max Tick Time: 50ms Entity max Tick Time: 50ms
[16:36:43] [Server thread/INFO]: Hopper Transfer: 8 Hopper Check: 1 Hopper Amount: 1
[16:36:43] [Server thread/INFO]: Entity Activation Range: An 32 / Mo 32 / Ra 48 / Mi 16 / Tiv true
[16:36:43] [Server thread/INFO]: Custom Map Seeds:  Village: 10387312 Desert: 14357617 Igloo: 14357618 Jungle: 14357619 Swamp: 14357620 Monument: 10387313 Ocean: 14357621 Shipwreck: 165745295 End City: 10387313 Slime: 987234911 Bastion: 30084232 Fortress: 30084232 Mansion: 10387319 Fossil: 14357921 Portal: 34222645
[16:36:43] [Server thread/INFO]: -------- World Settings For [survival-1_the_end] --------
[16:36:43] [Server thread/INFO]: Allow Zombie Pigmen to spawn from portal blocks: true
[16:36:43] [Server thread/INFO]: Item Despawn Rate: 6000
[16:36:43] [Server thread/INFO]: Item Merge Radius: 2.5
[16:36:43] [Server thread/INFO]: View Distance: 10
[16:36:43] [Server thread/INFO]: Entity Tracking Range: Pl 48 / An 48 / Mo 48 / Mi 32 / Other 64
[16:36:43] [Server thread/INFO]: Nerfing mobs spawned from spawners: false
[16:36:43] [Server thread/INFO]: Arrow Despawn Rate: 1200 Trident Respawn Rate:1200
[16:36:43] [Server thread/INFO]: Zombie Aggressive Towards Villager: true
[16:36:43] [Server thread/INFO]: Mob Spawn Range: 6
[16:36:43] [Server thread/INFO]: Experience Merge Radius: 3.0
[16:36:43] [Server thread/INFO]: Cactus Growth Modifier: 100%
[16:36:43] [Server thread/INFO]: Cane Growth Modifier: 100%
[16:36:43] [Server thread/INFO]: Melon Growth Modifier: 100%
[16:36:43] [Server thread/INFO]: Mushroom Growth Modifier: 100%
[16:36:43] [Server thread/INFO]: Pumpkin Growth Modifier: 100%
[16:36:43] [Server thread/INFO]: Sapling Growth Modifier: 100%
[16:36:43] [Server thread/INFO]: Beetroot Growth Modifier: 100%
[16:36:43] [Server thread/INFO]: Carrot Growth Modifier: 100%
[16:36:43] [Server thread/INFO]: Potato Growth Modifier: 100%
[16:36:43] [Server thread/INFO]: Wheat Growth Modifier: 100%
[16:36:43] [Server thread/INFO]: NetherWart Growth Modifier: 100%
[16:36:43] [Server thread/INFO]: Vine Growth Modifier: 100%
[16:36:43] [Server thread/INFO]: Cocoa Growth Modifier: 100%
[16:36:43] [Server thread/INFO]: Bamboo Growth Modifier: 100%
[16:36:43] [Server thread/INFO]: SweetBerry Growth Modifier: 100%
[16:36:43] [Server thread/INFO]: Kelp Growth Modifier: 100%
[16:36:43] [Server thread/INFO]: Max TNT Explosions: 100
[16:36:43] [Server thread/INFO]: Tile Max Tick Time: 50ms Entity max Tick Time: 50ms
[16:36:43] [Server thread/INFO]: Hopper Transfer: 8 Hopper Check: 1 Hopper Amount: 1
[16:36:43] [Server thread/INFO]: Entity Activation Range: An 32 / Mo 32 / Ra 48 / Mi 16 / Tiv true
[16:36:43] [Server thread/INFO]: Custom Map Seeds:  Village: 10387312 Desert: 14357617 Igloo: 14357618 Jungle: 14357619 Swamp: 14357620 Monument: 10387313 Ocean: 14357621 Shipwreck: 165745295 End City: 10387313 Slime: 987234911 Bastion: 30084232 Fortress: 30084232 Mansion: 10387319 Fossil: 14357921 Portal: 34222645
[16:36:43] [Server thread/INFO]: Preparing start region for dimension minecraft:overworld
[16:36:44] [Server thread/INFO]: Preparing spawn area: 0%
[16:36:44] [Server thread/INFO]: Preparing spawn area: 0%
[16:36:44] [Server thread/INFO]: Preparing spawn area: 0%
[16:36:45] [Server thread/INFO]: Time elapsed: 1485 ms
[16:36:45] [Server thread/INFO]: Preparing start region for dimension minecraft:the_nether
[16:36:46] [Server thread/INFO]: Preparing spawn area: 0%
[16:36:46] [Server thread/INFO]: Preparing spawn area: 0%
[16:36:46] [Worker-Main-9/INFO]: Preparing spawn area: 83%
[16:36:46] [Worker-Main-16/INFO]: Preparing spawn area: 83%
[16:36:47] [Worker-Main-15/INFO]: Preparing spawn area: 83%
[16:36:47] [Worker-Main-16/INFO]: Preparing spawn area: 83%
[16:36:48] [Worker-Main-8/INFO]: Preparing spawn area: 88%
[16:36:48] [Worker-Main-9/INFO]: Preparing spawn area: 99%
[16:36:49] [Server thread/INFO]: Time elapsed: 3538 ms
[16:36:49] [Server thread/INFO]: Preparing start region for dimension minecraft:the_end
[16:36:49] [Server thread/INFO]: Preparing spawn area: 0%
[16:36:49] [Worker-Main-13/INFO]: Preparing spawn area: 83%
[16:36:49] [Server thread/INFO]: Time elapsed: 870 ms
[16:36:49] [Server thread/INFO]: [AntiLag] Enabling AntiLag v2.0
[16:36:49] [Server thread/INFO]: [LibelulaProtectionBlocks] Enabling LibelulaProtectionBlocks v2.0.10 Release
[16:36:49] [Server thread/INFO]: [LibelulaProtectionBlocks] English language has been selected.
[16:36:49] [Server thread/WARN]: [LibelulaProtectionBlocks] Loaded class com.sk89q.worldguard.protection.regions.ProtectedRegion from WorldGuard v7.0.4+f7ff984 which is not a depend, softdepend or loadbefore of this plugin.
[16:36:49] [Server thread/ERROR]: Error occurred while enabling LibelulaProtectionBlocks v2.0.10 Release (Is it up to date?)
java.lang.NoSuchMethodError: com.sk89q.worldguard.bukkit.WorldGuardPlugin.getRegionContainer()Lcom/sk89q/worldguard/bukkit/RegionContainer;
	at me.libelula.pb.WorldGuardManager.initialize(WorldGuardManager.java:92) ~[?:?]
	at me.libelula.pb.Main.onEnable(Main.java:72) ~[?:?]
	at org.bukkit.plugin.java.JavaPlugin.setEnabled(JavaPlugin.java:263) ~[spigot-1.16.4.jar:git-Spigot-a56d446-7029c0a]
	at org.bukkit.plugin.java.JavaPluginLoader.enablePlugin(JavaPluginLoader.java:351) [spigot-1.16.4.jar:git-Spigot-a56d446-7029c0a]
	at org.bukkit.plugin.SimplePluginManager.enablePlugin(SimplePluginManager.java:480) [spigot-1.16.4.jar:git-Spigot-a56d446-7029c0a]
	at org.bukkit.craftbukkit.v1_16_R3.CraftServer.enablePlugin(CraftServer.java:494) [spigot-1.16.4.jar:git-Spigot-a56d446-7029c0a]
	at org.bukkit.craftbukkit.v1_16_R3.CraftServer.enablePlugins(CraftServer.java:408) [spigot-1.16.4.jar:git-Spigot-a56d446-7029c0a]
	at net.minecraft.server.v1_16_R3.MinecraftServer.loadWorld(MinecraftServer.java:435) [spigot-1.16.4.jar:git-Spigot-a56d446-7029c0a]
	at net.minecraft.server.v1_16_R3.DedicatedServer.init(DedicatedServer.java:218) [spigot-1.16.4.jar:git-Spigot-a56d446-7029c0a]
	at net.minecraft.server.v1_16_R3.MinecraftServer.w(MinecraftServer.java:809) [spigot-1.16.4.jar:git-Spigot-a56d446-7029c0a]
	at net.minecraft.server.v1_16_R3.MinecraftServer.lambda$0(MinecraftServer.java:164) [spigot-1.16.4.jar:git-Spigot-a56d446-7029c0a]
	at net.minecraft.server.v1_16_R3.MinecraftServer$$Lambda$3223/1010421631.run(Unknown Source) [spigot-1.16.4.jar:git-Spigot-a56d446-7029c0a]
	at java.lang.Thread.run(Unknown Source) [?:1.8.0_51]
[16:36:49] [Server thread/INFO]: [PlaceholderAPI] Enabling PlaceholderAPI v2.10.9
[16:36:49] [Server thread/INFO]: [PlaceholderAPI] Fetching available expansion information...
[16:36:49] [Server thread/INFO]: [AmkMcAuth] Enabling AmkMcAuth v1.3.4
[16:36:49] [Server thread/INFO]: [AmkMcAuth] Configuration settings loaded/reloaded from config.yml.
[16:36:49] [Server thread/INFO]: [AmkMcAuth] User profile data AutoSave Task is started (interval: 5 minutes)
[16:36:49] [Server thread/INFO]: [AmkMcAuth] Counting PlayerBase, IP-Adresses and nlp-players.
[16:36:49] [Server thread/INFO]: [AmkMcAuth] Counting done, PlayerBaseCount: 3, Ip-AddressCount: 1, nlp-PlayerCount: 0.
[16:36:49] [Server thread/INFO]: [AmkMcAuth] Metrics enabled. Thank you!
[16:36:49] [Server thread/INFO]: [AmkMcAuth] AmkMcAuth v1.3.4 enabled.
[16:36:50] [Server thread/INFO]: [PingTab] Enabling PingTab v1.3.5
[16:36:50] [Server thread/INFO]: [PingTab] Plugin metrics enabled!
[16:36:50] [Server thread/INFO]: [PingTab] Checking for new versions...
[16:36:50] [Server thread/INFO]: [PingTab] Plugin is up to date.
[16:36:50] [Server thread/INFO]: [Skillz] Enabling Skillz v5.8
[16:36:50] [Server thread/ERROR]: Error occurred while enabling Skillz v5.8 (Is it up to date?)
java.lang.NoSuchMethodError: org.bukkit.inventory.ItemStack.<init>(I)V
	at nl.lolmen.Skills.SkillManager.loadSkillsSettings(SkillManager.java:188) ~[?:?]
	at nl.lolmen.Skillz.Skillz.loadSkillz(Skillz.java:148) ~[?:?]
	at nl.lolmen.Skillz.Skillz.onEnable(Skillz.java:81) ~[?:?]
	at org.bukkit.plugin.java.JavaPlugin.setEnabled(JavaPlugin.java:263) ~[spigot-1.16.4.jar:git-Spigot-a56d446-7029c0a]
	at org.bukkit.plugin.java.JavaPluginLoader.enablePlugin(JavaPluginLoader.java:351) [spigot-1.16.4.jar:git-Spigot-a56d446-7029c0a]
	at org.bukkit.plugin.SimplePluginManager.enablePlugin(SimplePluginManager.java:480) [spigot-1.16.4.jar:git-Spigot-a56d446-7029c0a]
	at org.bukkit.craftbukkit.v1_16_R3.CraftServer.enablePlugin(CraftServer.java:494) [spigot-1.16.4.jar:git-Spigot-a56d446-7029c0a]
	at org.bukkit.craftbukkit.v1_16_R3.CraftServer.enablePlugins(CraftServer.java:408) [spigot-1.16.4.jar:git-Spigot-a56d446-7029c0a]
	at net.minecraft.server.v1_16_R3.MinecraftServer.loadWorld(MinecraftServer.java:435) [spigot-1.16.4.jar:git-Spigot-a56d446-7029c0a]
	at net.minecraft.server.v1_16_R3.DedicatedServer.init(DedicatedServer.java:218) [spigot-1.16.4.jar:git-Spigot-a56d446-7029c0a]
	at net.minecraft.server.v1_16_R3.MinecraftServer.w(MinecraftServer.java:809) [spigot-1.16.4.jar:git-Spigot-a56d446-7029c0a]
	at net.minecraft.server.v1_16_R3.MinecraftServer.lambda$0(MinecraftServer.java:164) [spigot-1.16.4.jar:git-Spigot-a56d446-7029c0a]
	at net.minecraft.server.v1_16_R3.MinecraftServer$$Lambda$3223/1010421631.run(Unknown Source) [spigot-1.16.4.jar:git-Spigot-a56d446-7029c0a]
	at java.lang.Thread.run(Unknown Source) [?:1.8.0_51]
[16:36:50] [Server thread/INFO]: [GUIShop] Enabling GUIShop v8.4
[16:36:50] [Server thread/WARN]: [GUIShop] Unknown commands-mode REGISTER
[16:36:50] [Server thread/INFO]: [GUIShop] Warming Items...
[16:36:51] [Thread-13/INFO]: [AmkMcAuth] You have the Latest AmkMcAuth Version (1.3.4) running.
[16:36:53] [Server thread/INFO]: [GUIShop] Item warming completed in: 2.972ms
[16:36:53] [Server thread/INFO]: [GUIShop] Registering/unregistering commands shop|buy and sell
[16:36:53] [Server thread/INFO]: [Essentials] Enabling Essentials v2.18.2.0
[16:36:53] [Server thread/INFO]: [Essentials] You are running a server with limited API functionality. EssentialsX will still work, but certain features may be disabled.
[16:36:54] [Server thread/INFO]: Attempting to convert old kits in config.yml to new kits.yml
[16:36:54] [Server thread/INFO]: No kits found to migrate.
[16:36:54] [Server thread/INFO]: Loaded 25599 items from items.json.
[16:36:54] [Server thread/INFO]: Using locale es_AR
[16:36:54] [Server thread/INFO]: [Essentials] ServerListPingEvent: Spigot iterator API
[16:36:54] [Server thread/INFO]: [Essentials] Starting Metrics. Opt-out using the global bStats config.
[16:36:54] [Server thread/INFO]: [Vault] [Economy] Essentials Economy hooked.
[16:36:54] [Server thread/INFO]: [Essentials] Using Vault based permissions (LuckPerms)
[16:36:54] [Server thread/INFO]: [AdvancedTeleport] Enabling AdvancedTeleport v5.4-SNAPSHOT-1
[16:36:54] [Server thread/INFO]: Advanced Teleport is now enabling...
[16:36:54] [Server thread/INFO]: [EssentialsChat] Enabling EssentialsChat v2.18.2.0
[16:36:54] [Server thread/INFO]: [EssentialsChat] Starting Metrics. Opt-out using the global bStats config.
[16:36:54] [Server thread/INFO]: [EssentialsGeoIP] Enabling EssentialsGeoIP v2.18.2.0
[16:36:54] [Server thread/ERROR]: ¡No se encontró ninguna clave de licencia! Por favor visite https://essentialsx.cf/geoip para obtener instrucciones de configuración por primera vez.
[16:36:54] [Server thread/ERROR]: ¡Error al leer la base de datos de GeoIP!
java.io.FileNotFoundException: plugins\EssentialsGeoIP\GeoIP2-Country.mmdb (El sistema no puede encontrar el archivo especificado)
	at java.io.RandomAccessFile.open0(Native Method) ~[?:1.8.0_51]
	at java.io.RandomAccessFile.open(Unknown Source) ~[?:1.8.0_51]
	at java.io.RandomAccessFile.<init>(Unknown Source) ~[?:1.8.0_51]
	at com.maxmind.db.BufferHolder.<init>(BufferHolder.java:19) ~[EssentialsXGeoIP-2.18.2.0.jar:?]
	at com.maxmind.db.Reader.<init>(Reader.java:116) ~[EssentialsXGeoIP-2.18.2.0.jar:?]
	at com.maxmind.geoip2.DatabaseReader.<init>(DatabaseReader.java:66) ~[EssentialsXGeoIP-2.18.2.0.jar:?]
	at com.maxmind.geoip2.DatabaseReader.<init>(DatabaseReader.java:54) ~[EssentialsXGeoIP-2.18.2.0.jar:?]
	at com.maxmind.geoip2.DatabaseReader$Builder.build(DatabaseReader.java:160) ~[EssentialsXGeoIP-2.18.2.0.jar:?]
	at com.earth2me.essentials.geoip.EssentialsGeoIPPlayerListener.reloadConfig(EssentialsGeoIPPlayerListener.java:175) [EssentialsXGeoIP-2.18.2.0.jar:?]
	at com.earth2me.essentials.geoip.EssentialsGeoIPPlayerListener.<init>(EssentialsGeoIPPlayerListener.java:52) [EssentialsXGeoIP-2.18.2.0.jar:?]
	at com.earth2me.essentials.geoip.EssentialsGeoIP.onEnable(EssentialsGeoIP.java:31) [EssentialsXGeoIP-2.18.2.0.jar:?]
	at org.bukkit.plugin.java.JavaPlugin.setEnabled(JavaPlugin.java:263) [spigot-1.16.4.jar:git-Spigot-a56d446-7029c0a]
	at org.bukkit.plugin.java.JavaPluginLoader.enablePlugin(JavaPluginLoader.java:351) [spigot-1.16.4.jar:git-Spigot-a56d446-7029c0a]
	at org.bukkit.plugin.SimplePluginManager.enablePlugin(SimplePluginManager.java:480) [spigot-1.16.4.jar:git-Spigot-a56d446-7029c0a]
	at org.bukkit.craftbukkit.v1_16_R3.CraftServer.enablePlugin(CraftServer.java:494) [spigot-1.16.4.jar:git-Spigot-a56d446-7029c0a]
	at org.bukkit.craftbukkit.v1_16_R3.CraftServer.enablePlugins(CraftServer.java:408) [spigot-1.16.4.jar:git-Spigot-a56d446-7029c0a]
	at net.minecraft.server.v1_16_R3.MinecraftServer.loadWorld(MinecraftServer.java:435) [spigot-1.16.4.jar:git-Spigot-a56d446-7029c0a]
	at net.minecraft.server.v1_16_R3.DedicatedServer.init(DedicatedServer.java:218) [spigot-1.16.4.jar:git-Spigot-a56d446-7029c0a]
	at net.minecraft.server.v1_16_R3.MinecraftServer.w(MinecraftServer.java:809) [spigot-1.16.4.jar:git-Spigot-a56d446-7029c0a]
	at net.minecraft.server.v1_16_R3.MinecraftServer.lambda$0(MinecraftServer.java:164) [spigot-1.16.4.jar:git-Spigot-a56d446-7029c0a]
	at net.minecraft.server.v1_16_R3.MinecraftServer$$Lambda$3223/1010421631.run(Unknown Source) [spigot-1.16.4.jar:git-Spigot-a56d446-7029c0a]
	at java.lang.Thread.run(Unknown Source) [?:1.8.0_51]
[16:36:54] [Server thread/INFO]: [EssentialsGeoIP] This product includes GeoLite2 data created by MaxMind, available from http://www.maxmind.com/.
[16:36:54] [Server thread/INFO]: [EssentialsGeoIP] Starting Metrics. Opt-out using the global bStats config.
[16:36:54] [Server thread/INFO]: [CommandPanels] Enabling CommandPanels v3.15.1.1
[16:36:54] [Server thread/INFO]: [CommandPanels] RockyHawk's CommandPanels v3.15.1.1 Plugin Loading...
[16:36:54] [Server thread/INFO]: [CommandPanels] RockyHawk's CommandPanels v3.15.1.1 Plugin Loaded!
[16:36:54] [Server thread/INFO]: [WorldGuard] Enabling WorldGuard v7.0.4+f7ff984
[16:36:54] [Server thread/INFO]: [WorldGuard] (survival-1) TNT ignition is PERMITTED.
[16:36:54] [Server thread/INFO]: [WorldGuard] (survival-1) Lighters are PERMITTED.
[16:36:54] [Server thread/INFO]: [WorldGuard] (survival-1) Lava fire is PERMITTED.
[16:36:54] [Server thread/INFO]: [WorldGuard] (survival-1) Fire spread is UNRESTRICTED.
[16:36:54] [Server thread/INFO]: [WorldGuard] Loaded configuration for world 'survival-1'
[16:36:54] [Server thread/INFO]: [WorldGuard] (survival-1_nether) TNT ignition is PERMITTED.
[16:36:54] [Server thread/INFO]: [WorldGuard] (survival-1_nether) Lighters are PERMITTED.
[16:36:54] [Server thread/INFO]: [WorldGuard] (survival-1_nether) Lava fire is PERMITTED.
[16:36:54] [Server thread/INFO]: [WorldGuard] (survival-1_nether) Fire spread is UNRESTRICTED.
[16:36:54] [Server thread/INFO]: [WorldGuard] Loaded configuration for world 'survival-1_nether'
[16:36:54] [Server thread/INFO]: [WorldGuard] (survival-1_the_end) TNT ignition is PERMITTED.
[16:36:54] [Server thread/INFO]: [WorldGuard] (survival-1_the_end) Lighters are PERMITTED.
[16:36:54] [Server thread/INFO]: [WorldGuard] (survival-1_the_end) Lava fire is PERMITTED.
[16:36:54] [Server thread/INFO]: [WorldGuard] (survival-1_the_end) Fire spread is UNRESTRICTED.
[16:36:54] [Server thread/INFO]: [WorldGuard] Loaded configuration for world 'survival-1_the_end'
[16:36:54] [Server thread/INFO]: [WorldGuard] Loading region data...
[16:36:54] [Server thread/INFO]: [SimpleScore] Enabling SimpleScore v3.6.2
[16:36:54] [Server thread/INFO]: [SimpleScore] Loading disabled scoreboards...
[16:36:54] [Server thread/INFO]: [SimpleScore] Disabled scoreboards loaded.
[16:36:54] [Server thread/INFO]: [PlaceholderAPI] Successfully registered expansion: simplescore
[16:36:54] [Server thread/INFO]: [Jobs] Enabling Jobs v4.17.0
[16:36:54] [Server thread/INFO]: [PlaceholderAPI] Successfully registered expansion: jobsr
[16:36:55] [Server thread/INFO]: [0;33;1m[Jobs] PlaceholderAPI hooked.[m
[16:36:57] [Server thread/INFO]: [0;33;1m[Jobs] Loaded 8 titles![m
[16:36:57] [Server thread/INFO]: [0;33;1m[Jobs] Loaded 75 protected blocks timers![m
[16:36:58] [Server thread/INFO]: [0;33;1m[Jobs] Loaded 1076 custom item names![m
[16:36:58] [Server thread/INFO]: [0;33;1m[Jobs] Loaded 72 custom entity names![m
[16:36:58] [Server thread/INFO]: [0;33;1m[Jobs] Loaded 2 custom MythicMobs names![m
[16:36:58] [Server thread/INFO]: [0;33;1m[Jobs] Loaded 38 custom enchant names![m
[16:36:58] [Server thread/INFO]: [0;33;1m[Jobs] Loaded 16 custom color names![m
[16:36:58] [Server thread/INFO]: [0;33;1m[Jobs] Loaded 4 shop items![m
[16:36:58] [Server thread/INFO]: [0;33;1m[Jobs] Loaded 1 quests for Weaponsmith[m
[16:36:58] [Server thread/INFO]: [0;33;1m[Jobs] Loaded 1 quests for Miner[m
[16:36:58] [Server thread/INFO]: [0;33;1m[Jobs] Loaded 1 quests for Enchanter[m
[16:36:58] [Server thread/INFO]: [0;33;1m[Jobs] Loaded 1 quests for Builder[m
[16:36:58] [Server thread/INFO]: [0;33;1m[Jobs] Loaded 1 quests for Brewer[m
[16:36:58] [Server thread/INFO]: [0;33;1m[Jobs] Loaded 1 quests for Woodcutter[m
[16:36:58] [Server thread/INFO]: [0;33;1m[Jobs] Loaded 1 quests for Fisherman[m
[16:36:58] [Server thread/INFO]: [0;33;1m[Jobs] Loaded 1 quests for Farmer[m
[16:36:58] [Server thread/INFO]: [0;33;1m[Jobs] Loaded 1 quests for Explorer[m
[16:36:58] [Server thread/INFO]: [0;33;1m[Jobs] Loaded 1 quests for Crafter[m
[16:36:58] [Server thread/INFO]: [0;33;1m[Jobs] Loaded 1 quests for Hunter[m
[16:36:58] [Server thread/INFO]: [0;33;1m[Jobs] Loaded 1 quests for Digger[m
[16:36:58] [Server thread/INFO]: [0;33;1m[Jobs] Loaded 12 jobs![m
[16:36:58] [Jobs-DatabaseSaveTask/INFO]: [0;33;1m[Jobs] Started database save task.[m
[16:36:58] [Jobs-BufferedPaymentThread/INFO]: [0;33;1m[Jobs] Started buffered payment thread.[m
[16:36:58] [ForkJoinPool.commonPool-worker-9/INFO]: [0;33;1m[Jobs] Preloaded 2 players data in 0.01[m
[16:36:58] [Server thread/INFO]: [0;33;1m[Jobs] WorldGuard detected.[m
[16:36:58] [Server thread/INFO]: [0;33;1m[Jobs] Loading explorer data[m
[16:36:58] [Server thread/INFO]: [0;33;1m[Jobs] Loaded explorer data (65)[m
[16:36:58] [Server thread/INFO]: [0;33;1m[Jobs] Plugin has been enabled successfully.[m
[16:36:58] [Server thread/INFO]: [DeadChest] Enabling DeadChest v4.3.0
[16:36:58] [Server thread/INFO]: Server permissions file permissions.yml is empty, ignoring it
[16:36:59] [Server thread/INFO]: [PlaceholderAPI] Placeholder expansion registration initializing...
[16:36:59] [Server thread/INFO]: Done (16.364s)! For help, type "help"
[16:36:59] [Craft Scheduler Thread - 1/WARN]: [PingTab] Plugin PingTab v1.3.5 generated an exception while executing task 12
java.lang.NoSuchMethodError: org.bukkit.Server.getOnlinePlayers()[Lorg/bukkit/entity/Player;
	at br.net.hexafun.PingTab.MetricsLite.postPlugin(MetricsLite.java:287) ~[?:?]
	at br.net.hexafun.PingTab.MetricsLite.access$200(MetricsLite.java:53) ~[?:?]
	at br.net.hexafun.PingTab.MetricsLite$1.run(MetricsLite.java:175) ~[?:?]
	at org.bukkit.craftbukkit.v1_16_R3.scheduler.CraftTask.run(CraftTask.java:81) ~[spigot-1.16.4.jar:git-Spigot-a56d446-7029c0a]
	at org.bukkit.craftbukkit.v1_16_R3.scheduler.CraftAsyncTask.run(CraftAsyncTask.java:54) [spigot-1.16.4.jar:git-Spigot-a56d446-7029c0a]
	at java.util.concurrent.ThreadPoolExecutor.runWorker(Unknown Source) [?:1.8.0_51]
	at java.util.concurrent.ThreadPoolExecutor$Worker.run(Unknown Source) [?:1.8.0_51]
	at java.lang.Thread.run(Unknown Source) [?:1.8.0_51]
[16:36:59] [Server thread/INFO]: [0;33;1m[Jobs] Successfully linked with Vault.[m
[16:36:59] [Server thread/WARN]: [PlaceholderAPI] Loaded class net.luckperms.api.LuckPerms from LuckPerms v5.2.76 which is not a depend, softdepend or loadbefore of this plugin.
[16:36:59] [Craft Scheduler Thread - 4/INFO]: [Vault] Checking for Updates ... 
[16:36:59] [Server thread/INFO]: [PlaceholderAPI] Successfully registered expansion: luckperms
[16:36:59] [Server thread/INFO]: [PlaceholderAPI] Successfully registered expansion: player
[16:36:59] [Server thread/INFO]: [PlaceholderAPI] Successfully registered expansion: statistic
[16:36:59] [Server thread/WARN]: [PlaceholderAPI] Loaded class net.milkbowl.vault.economy.Economy from Vault v1.7.3-b131 which is not a depend, softdepend or loadbefore of this plugin.
[16:36:59] [Server thread/INFO]: [PlaceholderAPI] Successfully registered expansion: vault
[16:36:59] [Server thread/INFO]: 4[0;32;1m placeholder hooks successfully registered![m
[16:36:59] [Craft Scheduler Thread - 5/INFO]: [AdvancedTeleport] §3[§bAdvancedTeleport§3] §bPlugin is up to date!
[16:36:59] [Craft Scheduler Thread - 4/INFO]: [Vault] No new version available
[16:39:46] [User Authenticator #1/INFO]: UUID of player Dead_ware is 0ecccd40-71dc-3187-8b24-d01a61534bb4
[16:39:46] [Server thread/INFO]: [Economy] Found player Dead_ware by UUID 0ecccd40-71dc-3187-8b24-d01a61534bb4 but not by their actual name - they may have changed their username
[16:39:46] [Server thread/ERROR]: Could not pass event PlayerJoinEvent to CommandPanels v3.15.1.1
org.bukkit.event.EventException: null
	at org.bukkit.plugin.java.JavaPluginLoader$1.execute(JavaPluginLoader.java:319) ~[spigot-1.16.4.jar:git-Spigot-a56d446-7029c0a]
	at org.bukkit.plugin.RegisteredListener.callEvent(RegisteredListener.java:70) ~[spigot-1.16.4.jar:git-Spigot-a56d446-7029c0a]
	at org.bukkit.plugin.SimplePluginManager.fireEvent(SimplePluginManager.java:589) [spigot-1.16.4.jar:git-Spigot-a56d446-7029c0a]
	at org.bukkit.plugin.SimplePluginManager.callEvent(SimplePluginManager.java:576) [spigot-1.16.4.jar:git-Spigot-a56d446-7029c0a]
	at net.minecraft.server.v1_16_R3.PlayerList.a(PlayerList.java:200) [spigot-1.16.4.jar:git-Spigot-a56d446-7029c0a]
	at net.minecraft.server.v1_16_R3.LoginListener.c(LoginListener.java:154) [spigot-1.16.4.jar:git-Spigot-a56d446-7029c0a]
	at net.minecraft.server.v1_16_R3.LoginListener.tick(LoginListener.java:53) [spigot-1.16.4.jar:git-Spigot-a56d446-7029c0a]
	at net.minecraft.server.v1_16_R3.NetworkManager.a(NetworkManager.java:219) [spigot-1.16.4.jar:git-Spigot-a56d446-7029c0a]
	at net.minecraft.server.v1_16_R3.ServerConnection.c(ServerConnection.java:130) [spigot-1.16.4.jar:git-Spigot-a56d446-7029c0a]
	at net.minecraft.server.v1_16_R3.MinecraftServer.b(MinecraftServer.java:1127) [spigot-1.16.4.jar:git-Spigot-a56d446-7029c0a]
	at net.minecraft.server.v1_16_R3.DedicatedServer.b(DedicatedServer.java:355) [spigot-1.16.4.jar:git-Spigot-a56d446-7029c0a]
	at net.minecraft.server.v1_16_R3.MinecraftServer.a(MinecraftServer.java:1008) [spigot-1.16.4.jar:git-Spigot-a56d446-7029c0a]
	at net.minecraft.server.v1_16_R3.MinecraftServer.w(MinecraftServer.java:847) [spigot-1.16.4.jar:git-Spigot-a56d446-7029c0a]
	at net.minecraft.server.v1_16_R3.MinecraftServer.lambda$0(MinecraftServer.java:164) [spigot-1.16.4.jar:git-Spigot-a56d446-7029c0a]
	at net.minecraft.server.v1_16_R3.MinecraftServer$$Lambda$3223/1010421631.run(Unknown Source) [spigot-1.16.4.jar:git-Spigot-a56d446-7029c0a]
	at java.lang.Thread.run(Unknown Source) [?:1.8.0_51]
Caused by: java.lang.NullPointerException
	at me.rockyhawk.commandpanels.openwithitem.UtilsOpenWithItem.onPlayerJoin(UtilsOpenWithItem.java:155) ~[?:?]
	at sun.reflect.NativeMethodAccessorImpl.invoke0(Native Method) ~[?:1.8.0_51]
	at sun.reflect.NativeMethodAccessorImpl.invoke(Unknown Source) ~[?:1.8.0_51]
	at sun.reflect.DelegatingMethodAccessorImpl.invoke(Unknown Source) ~[?:1.8.0_51]
	at java.lang.reflect.Method.invoke(Unknown Source) ~[?:1.8.0_51]
	at org.bukkit.plugin.java.JavaPluginLoader$1.execute(JavaPluginLoader.java:315) ~[spigot-1.16.4.jar:git-Spigot-a56d446-7029c0a]
	... 15 more
[16:39:46] [Server thread/INFO]: Dead_ware[/181.46.69.20:29938] logged in with entity id 260 at ([survival-1]60.5, 67.0, -54.5)
[16:39:47] [Craft Scheduler Thread - 7/WARN]: Unable to fetch GeoIP data for Dead_ware. Please ensure that your license key and configuration are correct.
[16:39:47] [pool-13-thread-1/INFO]: Creando configuración vacía: C:\Users\tatai\Documents\Minecraft-Dakota-Games-Server\plugins\Essentials\userdata\0ecccd40-71dc-3187-8b24-d01a61534bb4.yml
[16:40:01] [Server thread/INFO]: Dead_ware issued server command: /register caca123
[16:40:01] [Server thread/INFO]: [AmkMcAuth] Login Ip-Address 181.46.69.20 used by 0 player(s) 
[16:40:01] [Server thread/INFO]: [AmkMcAuth] Configured maximum allowed players from one Ip-Address is: 50
[16:40:01] [Server thread/INFO]: [AmkMcAuth] Dead_ware !!!! has registered.
[16:40:05] [Server thread/INFO]: Dead_ware issued server command: /login caca123
[16:40:05] [Server thread/INFO]: [AmkMcAuth] Dead_ware has logged in.
[16:41:09] [Server thread/INFO]: Dead_ware issued server command: /fly
[16:41:09] [Server thread/INFO]: §cDead_ware §4ha denegado el acceso al comando.
[16:41:19] [Server thread/INFO]: Dead_ware issued server command: /shop
[16:41:55] [Server thread/INFO]: Dead_ware issued server command: /jobs
[16:42:06] [Server thread/INFO]: Dead_ware issued server command: /jobs bro
[16:42:07] [Server thread/INFO]: Dead_ware was slain by Zombie
[16:42:15] [Server thread/INFO]: Dead_ware issued server command: /jobs browse
[16:42:25] [Server thread/INFO]: Dead_ware was slain by Zombie
[16:42:29] [Server thread/INFO]: Dead_ware was slain by Zombie
[16:42:35] [Server thread/INFO]: Dead_ware issued server command: /jobs browse
[16:42:36] [Server thread/INFO]: Dead_ware was slain by Zombie
[16:42:39] [Server thread/INFO]: Dead_ware issued server command: /jobs browse
[16:42:41] [Server thread/INFO]: Dead_ware was slain by Zombie
[16:42:45] [Server thread/INFO]: Dead_ware issued server command: /jobs browse
[16:42:48] [Server thread/INFO]: Dead_ware was slain by Zombie
[16:42:52] [Server thread/INFO]: Dead_ware issued server command: /jobs browse
[16:42:55] [Server thread/INFO]: Dead_ware was slain by Zombie
[16:43:26] [Server thread/INFO]: Dead_ware lost connection: Disconnected
[16:43:26] [Server thread/INFO]: Dead_ware left the game
[16:45:19] [Server thread/INFO]: [0;33;22m[AntiLag] [m>[0;33;22m Los items dropeados se borraran en 3 segundo![m
[16:45:20] [Server thread/INFO]: [0;33;22m[AntiLag] [m>[0;33;22m Los items dropeados se borraran en 2 segundo![m
[16:45:21] [Server thread/INFO]: [0;33;22m[AntiLag] [m>[0;33;22m Los items dropeados se borraran en 1 segundo![m
[16:45:22] [Server thread/INFO]: [0;33;22m[AntiLag] [m>[0;33;22m Eliminando items...[m
[16:48:23] [User Authenticator #2/INFO]: UUID of player TaielMartinez2 is 1a3229ca-b17b-350a-a67c-7887d1de00be
[16:48:23] [Server thread/ERROR]: Could not pass event PlayerJoinEvent to CommandPanels v3.15.1.1
org.bukkit.event.EventException: null
	at org.bukkit.plugin.java.JavaPluginLoader$1.execute(JavaPluginLoader.java:319) ~[spigot-1.16.4.jar:git-Spigot-a56d446-7029c0a]
	at org.bukkit.plugin.RegisteredListener.callEvent(RegisteredListener.java:70) ~[spigot-1.16.4.jar:git-Spigot-a56d446-7029c0a]
	at org.bukkit.plugin.SimplePluginManager.fireEvent(SimplePluginManager.java:589) [spigot-1.16.4.jar:git-Spigot-a56d446-7029c0a]
	at org.bukkit.plugin.SimplePluginManager.callEvent(SimplePluginManager.java:576) [spigot-1.16.4.jar:git-Spigot-a56d446-7029c0a]
	at net.minecraft.server.v1_16_R3.PlayerList.a(PlayerList.java:200) [spigot-1.16.4.jar:git-Spigot-a56d446-7029c0a]
	at net.minecraft.server.v1_16_R3.LoginListener.c(LoginListener.java:154) [spigot-1.16.4.jar:git-Spigot-a56d446-7029c0a]
	at net.minecraft.server.v1_16_R3.LoginListener.tick(LoginListener.java:53) [spigot-1.16.4.jar:git-Spigot-a56d446-7029c0a]
	at net.minecraft.server.v1_16_R3.NetworkManager.a(NetworkManager.java:219) [spigot-1.16.4.jar:git-Spigot-a56d446-7029c0a]
	at net.minecraft.server.v1_16_R3.ServerConnection.c(ServerConnection.java:130) [spigot-1.16.4.jar:git-Spigot-a56d446-7029c0a]
	at net.minecraft.server.v1_16_R3.MinecraftServer.b(MinecraftServer.java:1127) [spigot-1.16.4.jar:git-Spigot-a56d446-7029c0a]
	at net.minecraft.server.v1_16_R3.DedicatedServer.b(DedicatedServer.java:355) [spigot-1.16.4.jar:git-Spigot-a56d446-7029c0a]
	at net.minecraft.server.v1_16_R3.MinecraftServer.a(MinecraftServer.java:1008) [spigot-1.16.4.jar:git-Spigot-a56d446-7029c0a]
	at net.minecraft.server.v1_16_R3.MinecraftServer.w(MinecraftServer.java:847) [spigot-1.16.4.jar:git-Spigot-a56d446-7029c0a]
	at net.minecraft.server.v1_16_R3.MinecraftServer.lambda$0(MinecraftServer.java:164) [spigot-1.16.4.jar:git-Spigot-a56d446-7029c0a]
	at net.minecraft.server.v1_16_R3.MinecraftServer$$Lambda$3223/1010421631.run(Unknown Source) [spigot-1.16.4.jar:git-Spigot-a56d446-7029c0a]
	at java.lang.Thread.run(Unknown Source) [?:1.8.0_51]
Caused by: java.lang.NullPointerException
	at me.rockyhawk.commandpanels.openwithitem.UtilsOpenWithItem.onPlayerJoin(UtilsOpenWithItem.java:155) ~[?:?]
	at sun.reflect.NativeMethodAccessorImpl.invoke0(Native Method) ~[?:1.8.0_51]
	at sun.reflect.NativeMethodAccessorImpl.invoke(Unknown Source) ~[?:1.8.0_51]
	at sun.reflect.DelegatingMethodAccessorImpl.invoke(Unknown Source) ~[?:1.8.0_51]
	at java.lang.reflect.Method.invoke(Unknown Source) ~[?:1.8.0_51]
	at org.bukkit.plugin.java.JavaPluginLoader$1.execute(JavaPluginLoader.java:315) ~[spigot-1.16.4.jar:git-Spigot-a56d446-7029c0a]
	... 15 more
[16:48:23] [Server thread/INFO]: TaielMartinez2[/192.168.1.1:50722] logged in with entity id 766 at ([survival-1]64.35976636623694, 65.0, -47.719450936223865)
[16:48:23] [Craft Scheduler Thread - 11/WARN]: Unable to fetch GeoIP data for TaielMartinez2. Please ensure that your license key and configuration are correct.
[16:48:29] [Server thread/INFO]: TaielMartinez2 issued server command: /login
[16:48:31] [Server thread/INFO]: TaielMartinez2 issued server command: /login 1
[16:48:31] [Server thread/WARN]: [AmkMcAuth] TaielMartinez2 tried to log in with an incorrect password!
[16:48:36] [Server thread/INFO]: TaielMartinez2 issued server command: /login 1
[16:48:36] [Server thread/WARN]: [AmkMcAuth] TaielMartinez2 tried to log in with an incorrect password!
[16:48:39] [Server thread/INFO]: TaielMartinez2 issued server command: /login itaqui
[16:48:39] [Server thread/WARN]: [AmkMcAuth] TaielMartinez2 tried to log in with an incorrect password!
[16:48:42] [Server thread/INFO]: TaielMartinez2 issued server command: /login 12345
[16:48:42] [Server thread/INFO]: [AmkMcAuth] TaielMartinez2 has logged in.
[16:49:25] [Server thread/INFO]: TaielMartinez2 lost connection: Disconnected
[16:49:25] [Server thread/INFO]: TaielMartinez2 left the game
[16:49:28] [User Authenticator #3/INFO]: UUID of player TaielMartinez2 is 1a3229ca-b17b-350a-a67c-7887d1de00be
[16:49:28] [Server thread/ERROR]: Could not pass event PlayerJoinEvent to CommandPanels v3.15.1.1
org.bukkit.event.EventException: null
	at org.bukkit.plugin.java.JavaPluginLoader$1.execute(JavaPluginLoader.java:319) ~[spigot-1.16.4.jar:git-Spigot-a56d446-7029c0a]
	at org.bukkit.plugin.RegisteredListener.callEvent(RegisteredListener.java:70) ~[spigot-1.16.4.jar:git-Spigot-a56d446-7029c0a]
	at org.bukkit.plugin.SimplePluginManager.fireEvent(SimplePluginManager.java:589) [spigot-1.16.4.jar:git-Spigot-a56d446-7029c0a]
	at org.bukkit.plugin.SimplePluginManager.callEvent(SimplePluginManager.java:576) [spigot-1.16.4.jar:git-Spigot-a56d446-7029c0a]
	at net.minecraft.server.v1_16_R3.PlayerList.a(PlayerList.java:200) [spigot-1.16.4.jar:git-Spigot-a56d446-7029c0a]
	at net.minecraft.server.v1_16_R3.LoginListener.c(LoginListener.java:154) [spigot-1.16.4.jar:git-Spigot-a56d446-7029c0a]
	at net.minecraft.server.v1_16_R3.LoginListener.tick(LoginListener.java:53) [spigot-1.16.4.jar:git-Spigot-a56d446-7029c0a]
	at net.minecraft.server.v1_16_R3.NetworkManager.a(NetworkManager.java:219) [spigot-1.16.4.jar:git-Spigot-a56d446-7029c0a]
	at net.minecraft.server.v1_16_R3.ServerConnection.c(ServerConnection.java:130) [spigot-1.16.4.jar:git-Spigot-a56d446-7029c0a]
	at net.minecraft.server.v1_16_R3.MinecraftServer.b(MinecraftServer.java:1127) [spigot-1.16.4.jar:git-Spigot-a56d446-7029c0a]
	at net.minecraft.server.v1_16_R3.DedicatedServer.b(DedicatedServer.java:355) [spigot-1.16.4.jar:git-Spigot-a56d446-7029c0a]
	at net.minecraft.server.v1_16_R3.MinecraftServer.a(MinecraftServer.java:1008) [spigot-1.16.4.jar:git-Spigot-a56d446-7029c0a]
	at net.minecraft.server.v1_16_R3.MinecraftServer.w(MinecraftServer.java:847) [spigot-1.16.4.jar:git-Spigot-a56d446-7029c0a]
	at net.minecraft.server.v1_16_R3.MinecraftServer.lambda$0(MinecraftServer.java:164) [spigot-1.16.4.jar:git-Spigot-a56d446-7029c0a]
	at net.minecraft.server.v1_16_R3.MinecraftServer$$Lambda$3223/1010421631.run(Unknown Source) [spigot-1.16.4.jar:git-Spigot-a56d446-7029c0a]
	at java.lang.Thread.run(Unknown Source) [?:1.8.0_51]
Caused by: java.lang.NullPointerException
	at me.rockyhawk.commandpanels.openwithitem.UtilsOpenWithItem.onPlayerJoin(UtilsOpenWithItem.java:155) ~[?:?]
	at sun.reflect.NativeMethodAccessorImpl.invoke0(Native Method) ~[?:1.8.0_51]
	at sun.reflect.NativeMethodAccessorImpl.invoke(Unknown Source) ~[?:1.8.0_51]
	at sun.reflect.DelegatingMethodAccessorImpl.invoke(Unknown Source) ~[?:1.8.0_51]
	at java.lang.reflect.Method.invoke(Unknown Source) ~[?:1.8.0_51]
	at org.bukkit.plugin.java.JavaPluginLoader$1.execute(JavaPluginLoader.java:315) ~[spigot-1.16.4.jar:git-Spigot-a56d446-7029c0a]
	... 15 more
[16:49:28] [Server thread/INFO]: [AmkMcAuth] TaielMartinez2 was logged in via session.
[16:49:28] [Server thread/INFO]: TaielMartinez2[/192.168.1.1:50744] logged in with entity id 985 at ([survival-1]94.98069550750907, 65.0, -19.18284949293429)
[16:49:28] [Craft Scheduler Thread - 13/WARN]: Unable to fetch GeoIP data for TaielMartinez2. Please ensure that your license key and configuration are correct.
[16:49:41] [Server thread/INFO]: Made TaielMartinez2 a server operator
[16:49:45] [Server thread/INFO]: TaielMartinez2 issued server command: /gamemode creative
[16:50:28] [Server thread/INFO]: TaielMartinez2 issued server command: /setspawn
[16:50:32] [Server thread/INFO]: TaielMartinez2 issued server command: /setspawn
[16:50:46] [Server thread/INFO]: Changed title display times for TaielMartinez2
[16:50:46] [Server thread/INFO]: Showing new subtitle for TaielMartinez2
[16:50:46] [Server thread/INFO]: Showing new title for TaielMartinez2
[16:51:14] [Server thread/INFO]: TaielMartinez2 has made the advancement [Ice Bucket Challenge]
[16:51:59] [Craft Scheduler Thread - 14/WARN]: [PingTab] Plugin PingTab v1.3.5 generated an exception while executing task 12
java.lang.NoSuchMethodError: org.bukkit.Server.getOnlinePlayers()[Lorg/bukkit/entity/Player;
	at br.net.hexafun.PingTab.MetricsLite.postPlugin(MetricsLite.java:287) ~[?:?]
	at br.net.hexafun.PingTab.MetricsLite.access$200(MetricsLite.java:53) ~[?:?]
	at br.net.hexafun.PingTab.MetricsLite$1.run(MetricsLite.java:175) ~[?:?]
	at org.bukkit.craftbukkit.v1_16_R3.scheduler.CraftTask.run(CraftTask.java:81) ~[spigot-1.16.4.jar:git-Spigot-a56d446-7029c0a]
	at org.bukkit.craftbukkit.v1_16_R3.scheduler.CraftAsyncTask.run(CraftAsyncTask.java:54) [spigot-1.16.4.jar:git-Spigot-a56d446-7029c0a]
	at java.util.concurrent.ThreadPoolExecutor.runWorker(Unknown Source) [?:1.8.0_51]
	at java.util.concurrent.ThreadPoolExecutor$Worker.run(Unknown Source) [?:1.8.0_51]
	at java.lang.Thread.run(Unknown Source) [?:1.8.0_51]
[16:53:00] [Server thread/INFO]: TaielMartinez2 issued server command: /heal
[16:53:00] [Server thread/INFO]: §cTaielMartinez2 §4ha denegado el acceso al comando.
[16:53:39] [Server thread/INFO]: [0;33;22m[AntiLag] [m>[0;33;22m Los items dropeados se borraran en 3 segundo![m
[16:53:40] [Server thread/INFO]: [0;33;22m[AntiLag] [m>[0;33;22m Los items dropeados se borraran en 2 segundo![m
[16:53:41] [Server thread/INFO]: [0;33;22m[AntiLag] [m>[0;33;22m Los items dropeados se borraran en 1 segundo![m
[16:53:42] [Server thread/INFO]: [0;33;22m[AntiLag] [m>[0;33;22m Eliminando items...[m
