[15:57:55] [main/INFO]: Environment: authHost='https://authserver.mojang.com', accountsHost='https://api.mojang.com', sessionHost='https://sessionserver.mojang.com', servicesHost='https://api.minecraftservices.com', name='PROD'
[15:57:55] [main/INFO]: Found new data pack file/bukkit, loading it automatically
[15:57:56] [main/INFO]: Reloading ResourceManager: Default, bukkit
[15:57:56] [Worker-Main-12/INFO]: Loaded 7 recipes
[15:57:58] [Server thread/INFO]: Starting minecraft server version 1.16.4
[15:57:58] [Server thread/INFO]: Loading properties
[15:57:58] [Server thread/INFO]: This server is running CraftBukkit version git-Spigot-a56d446-7029c0a (MC: 1.16.4) (Implementing API version 1.16.4-R0.1-SNAPSHOT)
[15:57:58] [Server thread/INFO]: Debug logging is disabled
[15:57:58] [Server thread/INFO]: Server Ping Player Sample Count: 12
[15:57:58] [Server thread/INFO]: Using 4 threads for Netty based IO
[15:57:58] [Server thread/INFO]: Default game type: SURVIVAL
[15:57:58] [Server thread/INFO]: Generating keypair
[15:57:58] [Server thread/INFO]: Starting Minecraft server on *:25565
[15:57:58] [Server thread/INFO]: Using default channel type
[15:58:00] [Server thread/INFO]: Preparing level "world"
[15:58:00] [Server thread/INFO]: -------- World Settings For [world] --------
[15:58:00] [Server thread/INFO]: Hopper Transfer: 8 Hopper Check: 1 Hopper Amount: 1
[15:58:00] [Server thread/INFO]: Entity Tracking Range: Pl 48 / An 48 / Mo 48 / Mi 32 / Other 64
[15:58:00] [Server thread/INFO]: Allow Zombie Pigmen to spawn from portal blocks: true
[15:58:00] [Server thread/INFO]: Item Despawn Rate: 6000
[15:58:00] [Server thread/INFO]: Item Merge Radius: 2.5
[15:58:00] [Server thread/INFO]: View Distance: 10
[15:58:00] [Server thread/INFO]: Zombie Aggressive Towards Villager: true
[15:58:00] [Server thread/INFO]: Experience Merge Radius: 3.0
[15:58:00] [Server thread/INFO]: Mob Spawn Range: 6
[15:58:00] [Server thread/INFO]: Entity Activation Range: An 32 / Mo 32 / Ra 48 / Mi 16 / Tiv true
[15:58:00] [Server thread/INFO]: Cactus Growth Modifier: 100%
[15:58:00] [Server thread/INFO]: Cane Growth Modifier: 100%
[15:58:00] [Server thread/INFO]: Melon Growth Modifier: 100%
[15:58:00] [Server thread/INFO]: Mushroom Growth Modifier: 100%
[15:58:00] [Server thread/INFO]: Pumpkin Growth Modifier: 100%
[15:58:00] [Server thread/INFO]: Sapling Growth Modifier: 100%
[15:58:00] [Server thread/INFO]: Beetroot Growth Modifier: 100%
[15:58:00] [Server thread/INFO]: Carrot Growth Modifier: 100%
[15:58:00] [Server thread/INFO]: Potato Growth Modifier: 100%
[15:58:00] [Server thread/INFO]: Wheat Growth Modifier: 100%
[15:58:00] [Server thread/INFO]: NetherWart Growth Modifier: 100%
[15:58:00] [Server thread/INFO]: Vine Growth Modifier: 100%
[15:58:00] [Server thread/INFO]: Cocoa Growth Modifier: 100%
[15:58:00] [Server thread/INFO]: Bamboo Growth Modifier: 100%
[15:58:00] [Server thread/INFO]: SweetBerry Growth Modifier: 100%
[15:58:00] [Server thread/INFO]: Kelp Growth Modifier: 100%
[15:58:00] [Server thread/INFO]: Custom Map Seeds:  Village: 10387312 Desert: 14357617 Igloo: 14357618 Jungle: 14357619 Swamp: 14357620 Monument: 10387313 Ocean: 14357621 Shipwreck: 165745295 End City: 10387313 Slime: 987234911 Bastion: 30084232 Fortress: 30084232 Mansion: 10387319 Fossil: 14357921 Portal: 34222645
[15:58:00] [Server thread/INFO]: Arrow Despawn Rate: 1200 Trident Respawn Rate:1200
[15:58:00] [Server thread/INFO]: Nerfing mobs spawned from spawners: false
[15:58:00] [Server thread/INFO]: Max TNT Explosions: 100
[15:58:00] [Server thread/INFO]: Tile Max Tick Time: 50ms Entity max Tick Time: 50ms
[15:58:00] [Server thread/WARN]: Unable to find spawn biome
[15:58:05] [Server thread/INFO]: -------- World Settings For [world_nether] --------
[15:58:05] [Server thread/INFO]: Hopper Transfer: 8 Hopper Check: 1 Hopper Amount: 1
[15:58:05] [Server thread/INFO]: Entity Tracking Range: Pl 48 / An 48 / Mo 48 / Mi 32 / Other 64
[15:58:05] [Server thread/INFO]: Allow Zombie Pigmen to spawn from portal blocks: true
[15:58:05] [Server thread/INFO]: Item Despawn Rate: 6000
[15:58:05] [Server thread/INFO]: Item Merge Radius: 2.5
[15:58:05] [Server thread/INFO]: View Distance: 10
[15:58:05] [Server thread/INFO]: Zombie Aggressive Towards Villager: true
[15:58:05] [Server thread/INFO]: Experience Merge Radius: 3.0
[15:58:05] [Server thread/INFO]: Mob Spawn Range: 6
[15:58:05] [Server thread/INFO]: Entity Activation Range: An 32 / Mo 32 / Ra 48 / Mi 16 / Tiv true
[15:58:05] [Server thread/INFO]: Cactus Growth Modifier: 100%
[15:58:05] [Server thread/INFO]: Cane Growth Modifier: 100%
[15:58:05] [Server thread/INFO]: Melon Growth Modifier: 100%
[15:58:05] [Server thread/INFO]: Mushroom Growth Modifier: 100%
[15:58:05] [Server thread/INFO]: Pumpkin Growth Modifier: 100%
[15:58:05] [Server thread/INFO]: Sapling Growth Modifier: 100%
[15:58:05] [Server thread/INFO]: Beetroot Growth Modifier: 100%
[15:58:05] [Server thread/INFO]: Carrot Growth Modifier: 100%
[15:58:05] [Server thread/INFO]: Potato Growth Modifier: 100%
[15:58:05] [Server thread/INFO]: Wheat Growth Modifier: 100%
[15:58:05] [Server thread/INFO]: NetherWart Growth Modifier: 100%
[15:58:05] [Server thread/INFO]: Vine Growth Modifier: 100%
[15:58:05] [Server thread/INFO]: Cocoa Growth Modifier: 100%
[15:58:05] [Server thread/INFO]: Bamboo Growth Modifier: 100%
[15:58:05] [Server thread/INFO]: SweetBerry Growth Modifier: 100%
[15:58:05] [Server thread/INFO]: Kelp Growth Modifier: 100%
[15:58:05] [Server thread/INFO]: Custom Map Seeds:  Village: 10387312 Desert: 14357617 Igloo: 14357618 Jungle: 14357619 Swamp: 14357620 Monument: 10387313 Ocean: 14357621 Shipwreck: 165745295 End City: 10387313 Slime: 987234911 Bastion: 30084232 Fortress: 30084232 Mansion: 10387319 Fossil: 14357921 Portal: 34222645
[15:58:05] [Server thread/INFO]: Arrow Despawn Rate: 1200 Trident Respawn Rate:1200
[15:58:05] [Server thread/INFO]: Nerfing mobs spawned from spawners: false
[15:58:05] [Server thread/INFO]: Max TNT Explosions: 100
[15:58:05] [Server thread/INFO]: Tile Max Tick Time: 50ms Entity max Tick Time: 50ms
[15:58:05] [Server thread/WARN]: Unable to find spawn biome
[15:58:06] [Server thread/INFO]: -------- World Settings For [world_the_end] --------
[15:58:06] [Server thread/INFO]: Hopper Transfer: 8 Hopper Check: 1 Hopper Amount: 1
[15:58:06] [Server thread/INFO]: Entity Tracking Range: Pl 48 / An 48 / Mo 48 / Mi 32 / Other 64
[15:58:06] [Server thread/INFO]: Allow Zombie Pigmen to spawn from portal blocks: true
[15:58:06] [Server thread/INFO]: Item Despawn Rate: 6000
[15:58:06] [Server thread/INFO]: Item Merge Radius: 2.5
[15:58:06] [Server thread/INFO]: View Distance: 10
[15:58:06] [Server thread/INFO]: Zombie Aggressive Towards Villager: true
[15:58:06] [Server thread/INFO]: Experience Merge Radius: 3.0
[15:58:06] [Server thread/INFO]: Mob Spawn Range: 6
[15:58:06] [Server thread/INFO]: Entity Activation Range: An 32 / Mo 32 / Ra 48 / Mi 16 / Tiv true
[15:58:06] [Server thread/INFO]: Cactus Growth Modifier: 100%
[15:58:06] [Server thread/INFO]: Cane Growth Modifier: 100%
[15:58:06] [Server thread/INFO]: Melon Growth Modifier: 100%
[15:58:06] [Server thread/INFO]: Mushroom Growth Modifier: 100%
[15:58:06] [Server thread/INFO]: Pumpkin Growth Modifier: 100%
[15:58:06] [Server thread/INFO]: Sapling Growth Modifier: 100%
[15:58:06] [Server thread/INFO]: Beetroot Growth Modifier: 100%
[15:58:06] [Server thread/INFO]: Carrot Growth Modifier: 100%
[15:58:06] [Server thread/INFO]: Potato Growth Modifier: 100%
[15:58:06] [Server thread/INFO]: Wheat Growth Modifier: 100%
[15:58:06] [Server thread/INFO]: NetherWart Growth Modifier: 100%
[15:58:06] [Server thread/INFO]: Vine Growth Modifier: 100%
[15:58:06] [Server thread/INFO]: Cocoa Growth Modifier: 100%
[15:58:06] [Server thread/INFO]: Bamboo Growth Modifier: 100%
[15:58:06] [Server thread/INFO]: SweetBerry Growth Modifier: 100%
[15:58:06] [Server thread/INFO]: Kelp Growth Modifier: 100%
[15:58:06] [Server thread/INFO]: Custom Map Seeds:  Village: 10387312 Desert: 14357617 Igloo: 14357618 Jungle: 14357619 Swamp: 14357620 Monument: 10387313 Ocean: 14357621 Shipwreck: 165745295 End City: 10387313 Slime: 987234911 Bastion: 30084232 Fortress: 30084232 Mansion: 10387319 Fossil: 14357921 Portal: 34222645
[15:58:06] [Server thread/INFO]: Arrow Despawn Rate: 1200 Trident Respawn Rate:1200
[15:58:06] [Server thread/INFO]: Nerfing mobs spawned from spawners: false
[15:58:06] [Server thread/INFO]: Max TNT Explosions: 100
[15:58:06] [Server thread/INFO]: Tile Max Tick Time: 50ms Entity max Tick Time: 50ms
[15:58:06] [Server thread/WARN]: Unable to find spawn biome
[15:58:06] [Server thread/INFO]: Preparing start region for dimension minecraft:overworld
[15:58:07] [Worker-Main-9/INFO]: Preparing spawn area: 0%
[15:58:07] [Worker-Main-10/INFO]: Preparing spawn area: 0%
[15:58:07] [Worker-Main-13/INFO]: Preparing spawn area: 0%
[15:58:08] [Worker-Main-10/INFO]: Preparing spawn area: 0%
[15:58:08] [Worker-Main-10/INFO]: Preparing spawn area: 1%
[15:58:09] [Worker-Main-14/INFO]: Preparing spawn area: 3%
[15:58:09] [Worker-Main-8/INFO]: Preparing spawn area: 6%
[15:58:10] [Worker-Main-8/INFO]: Preparing spawn area: 9%
[15:58:10] [Worker-Main-14/INFO]: Preparing spawn area: 15%
[15:58:11] [Worker-Main-8/INFO]: Preparing spawn area: 15%
[15:58:11] [Worker-Main-10/INFO]: Preparing spawn area: 22%
[15:58:12] [Worker-Main-11/INFO]: Preparing spawn area: 31%
[15:58:12] [Worker-Main-9/INFO]: Preparing spawn area: 38%
[15:58:13] [Worker-Main-8/INFO]: Preparing spawn area: 39%
[15:58:13] [Worker-Main-14/INFO]: Preparing spawn area: 39%
[15:58:14] [Worker-Main-11/INFO]: Preparing spawn area: 54%
[15:58:14] [Worker-Main-9/INFO]: Preparing spawn area: 59%
[15:58:15] [Worker-Main-10/INFO]: Preparing spawn area: 67%
[15:58:15] [Worker-Main-8/INFO]: Preparing spawn area: 68%
[15:58:16] [Worker-Main-9/INFO]: Preparing spawn area: 81%
[15:58:17] [Worker-Main-18/INFO]: Preparing spawn area: 86%
[15:58:17] [Worker-Main-18/INFO]: Preparing spawn area: 86%
[15:58:17] [Server thread/INFO]: Time elapsed: 10936 ms
[15:58:17] [Server thread/INFO]: Preparing start region for dimension minecraft:the_nether
[15:58:17] [Worker-Main-8/INFO]: Preparing spawn area: 0%
[15:58:18] [Worker-Main-18/INFO]: Preparing spawn area: 2%
[15:58:18] [Worker-Main-8/INFO]: Preparing spawn area: 8%
[15:58:19] [Worker-Main-10/INFO]: Preparing spawn area: 15%
[15:58:19] [Worker-Main-18/INFO]: Preparing spawn area: 20%
[15:58:20] [Worker-Main-11/INFO]: Preparing spawn area: 27%
[15:58:20] [Worker-Main-14/INFO]: Preparing spawn area: 34%
[15:58:21] [Worker-Main-14/INFO]: Preparing spawn area: 42%
[15:58:21] [Worker-Main-9/INFO]: Preparing spawn area: 49%
[15:58:22] [Worker-Main-9/INFO]: Preparing spawn area: 56%
[15:58:22] [Worker-Main-10/INFO]: Preparing spawn area: 63%
[15:58:23] [Worker-Main-8/INFO]: Preparing spawn area: 72%
[15:58:23] [Worker-Main-13/INFO]: Preparing spawn area: 80%
[15:58:24] [Worker-Main-18/INFO]: Preparing spawn area: 87%
[15:58:24] [Worker-Main-13/INFO]: Preparing spawn area: 95%
[15:58:25] [Server thread/INFO]: Time elapsed: 7213 ms
[15:58:25] [Server thread/INFO]: Preparing start region for dimension minecraft:the_end
[15:58:25] [Worker-Main-8/INFO]: Preparing spawn area: 0%
[15:58:25] [Worker-Main-13/INFO]: Preparing spawn area: 20%
[15:58:26] [Worker-Main-18/INFO]: Preparing spawn area: 57%
[15:58:26] [Server thread/INFO]: Time elapsed: 1321 ms
[15:58:26] [Server thread/INFO]: Done (26.259s)! For help, type "help"
