[00:00:30] [Server thread/INFO]: [0;36;22m[[0;32;22mPingTab[0;36;22m][0;36;22m Players List[m[m
[00:00:30] [Server thread/INFO]: FERNANFLOW - [0;32;1m29[m[m[m
[00:00:47] [Server thread/INFO]: FERNANFLOW lost connection: Disconnected
[00:00:47] [Server thread/INFO]: FERNANFLOW left the game
[00:06:38] [Server thread/INFO]: [0;33;22m[AntiLag] [m>[0;33;22m Los items dropeados se borraran en 3 segundo![m
[00:06:39] [Server thread/INFO]: [0;33;22m[AntiLag] [m>[0;33;22m Los items dropeados se borraran en 2 segundo![m
[00:06:40] [Server thread/INFO]: [0;33;22m[AntiLag] [m>[0;33;22m Los items dropeados se borraran en 1 segundo![m
[00:06:41] [Server thread/INFO]: [0;33;22m[AntiLag] [m>[0;33;22m Eliminando items...[m
[00:08:17] [Craft Scheduler Thread - 67/INFO]: [Vault] Checking for Updates ... 
[00:08:17] [Craft Scheduler Thread - 64/WARN]: [PingTab] Plugin PingTab v1.3.5 generated an exception while executing task 14
java.lang.NoSuchMethodError: org.bukkit.Server.getOnlinePlayers()[Lorg/bukkit/entity/Player;
	at br.net.hexafun.PingTab.MetricsLite.postPlugin(MetricsLite.java:287) ~[?:?]
	at br.net.hexafun.PingTab.MetricsLite.access$200(MetricsLite.java:53) ~[?:?]
	at br.net.hexafun.PingTab.MetricsLite$1.run(MetricsLite.java:175) ~[?:?]
	at org.bukkit.craftbukkit.v1_16_R3.scheduler.CraftTask.run(CraftTask.java:81) ~[spigot-1.16.4.jar:git-Spigot-a56d446-7029c0a]
	at org.bukkit.craftbukkit.v1_16_R3.scheduler.CraftAsyncTask.run(CraftAsyncTask.java:54) [spigot-1.16.4.jar:git-Spigot-a56d446-7029c0a]
	at java.util.concurrent.ThreadPoolExecutor.runWorker(Unknown Source) [?:1.8.0_51]
	at java.util.concurrent.ThreadPoolExecutor$Worker.run(Unknown Source) [?:1.8.0_51]
	at java.lang.Thread.run(Unknown Source) [?:1.8.0_51]
[00:08:18] [Craft Scheduler Thread - 67/INFO]: [Vault] No new version available
